Removing first row of model data...
Removing first row of exp data...
function: I211_J211.dat
  EigenValues:
     11568.5     835.96    15.2325   0.523617   0.445589   0.356193   0.311593   0.292886   0.207877   0.194221   0.151851   0.122213  0.0979858  0.0713623  0.0607098  0.0356336 0.00875838
----------------

function: I2212_J2212.dat
  EigenValues:
    6810.74   673.141   74.9867   10.8735   5.81153   4.35035   3.83687   2.89315   2.34988   1.71327   1.21292  0.747921  0.619173  0.395665 0.0712061         0         0
----------------

function: I321_J2212.dat
  EigenValues:
    2154.32   327.312   16.3617   2.09631   1.65104   1.15871  0.971557  0.862288  0.587091   0.43459  0.323635  0.198272  0.134519  0.100004 0.0718991         0         0
----------------

function: I321_J321.dat
  EigenValues:
    12722.1   1265.92   52.7462   4.17671   2.73972   1.56343   1.27122  0.936014  0.759085  0.645099  0.474716  0.428384  0.301473  0.167229  0.123936 0.0146846         0
----------------

30 row:  0.532663  0.251177  0.994975  0.311558  0.120273  0.256281  0.271357  0.214435  0.603015  0.994975 0.0161153  0.120603  154.213 -1.31183 -6.77918 -42.6463 -26.4155  2.37858  63.5518  32.5291  3.58083  196.846  26.2552  10.0916
Step width fraction: 0.004000
MaxLogLH: -37500.454802
MaxLogLH: -36532.460621
MaxLogLH: -35857.122493
MaxLogLH: -35287.033963
MaxLogLH: -34151.456243
MaxLogLH: -33679.616623
MaxLogLH: -33240.885183
MaxLogLH: -32268.050488
MaxLogLH: -31465.676747
MaxLogLH: -30823.865363
MaxLogLH: -30464.750769
MaxLogLH: -29737.958268
MaxLogLH: -28641.837207
MaxLogLH: -28381.070095
MaxLogLH: -28077.511520
MaxLogLH: -27692.621998
MaxLogLH: -27638.242807
MaxLogLH: -26336.499079
MaxLogLH: -26208.602733
MaxLogLH: -26189.213769
MaxLogLH: -25608.197265
MaxLogLH: -24595.163168
MaxLogLH: -23665.784739
MaxLogLH: -23234.943482
MaxLogLH: -22054.844489
MaxLogLH: -21801.253756
MaxLogLH: -21300.017642
MaxLogLH: -20712.349177
MaxLogLH: -20319.621619
MaxLogLH: -20076.652132
MaxLogLH: -19825.361039
MaxLogLH: -18801.774105
MaxLogLH: -18484.347854
MaxLogLH: -17545.365910
MaxLogLH: -17526.920636
MaxLogLH: -17406.673112
MaxLogLH: -17070.166284
MaxLogLH: -16530.548408
MaxLogLH: -15908.893342
MaxLogLH: -15871.940873
MaxLogLH: -15430.603501
MaxLogLH: -15199.083429
MaxLogLH: -14736.236457
MaxLogLH: -14551.241437
MaxLogLH: -14465.987034
MaxLogLH: -14461.803418
MaxLogLH: -14391.840209
MaxLogLH: -14093.812923
MaxLogLH: -14070.042314
MaxLogLH: -13900.189290
MaxLogLH: -13514.530528
MaxLogLH: -13500.080836
MaxLogLH: -13167.072518
MaxLogLH: -12458.651902
MaxLogLH: -11987.195725
MaxLogLH: -11478.755244
MaxLogLH: -11323.660187
MaxLogLH: -10866.030628
MaxLogLH: -10408.707752
MaxLogLH: -9854.908682
MaxLogLH: -9449.311924
MaxLogLH: -9262.118111
MaxLogLH: -9089.365108
MaxLogLH: -8490.041422
MaxLogLH: -8445.858628
MaxLogLH: -8254.358149
MaxLogLH: -7954.843659
MaxLogLH: -7783.174860
MaxLogLH: -7303.718081
MaxLogLH: -7189.423861
MaxLogLH: -7037.857655
MaxLogLH: -6941.184990
MaxLogLH: -6732.147269
MaxLogLH: -6693.115234
MaxLogLH: -6601.999325
MaxLogLH: -6383.359947
MaxLogLH: -6236.428422
MaxLogLH: -6067.814040
MaxLogLH: -5860.898396
MaxLogLH: -5854.324215
MaxLogLH: -5420.250484
MaxLogLH: -5138.018618
MaxLogLH: -4914.992124
MaxLogLH: -4863.851986
MaxLogLH: -4859.806357
MaxLogLH: -4789.927099
MaxLogLH: -4733.704688
MaxLogLH: -4570.470445
MaxLogLH: -4551.337291
MaxLogLH: -4421.346465
MaxLogLH: -4256.313178
MaxLogLH: -4192.619457
MaxLogLH: -4094.980443
MaxLogLH: -3859.009064
MaxLogLH: -3824.130207
MaxLogLH: -3785.743072
MaxLogLH: -3657.499396
MaxLogLH: -3585.984861
MaxLogLH: -3482.235898
MaxLogLH: -3244.973635
MaxLogLH: -3106.143202
MaxLogLH: -3010.270829
MaxLogLH: -2972.455558
MaxLogLH: -2955.370614
MaxLogLH: -2934.438290
MaxLogLH: -2792.206184
MaxLogLH: -2767.214858
MaxLogLH: -2765.673671
MaxLogLH: -2648.369219
MaxLogLH: -2603.719152
MaxLogLH: -2587.752439
MaxLogLH: -2574.443758
MaxLogLH: -2540.965769
MaxLogLH: -2478.942734
MaxLogLH: -2447.737696
MaxLogLH: -2428.371273
MaxLogLH: -2425.180179
MaxLogLH: -2372.049575
MaxLogLH: -2327.027601
MaxLogLH: -2251.900926
MaxLogLH: -2235.554820
MaxLogLH: -2222.943109
MaxLogLH: -2150.523887
MaxLogLH: -2047.818684
MaxLogLH: -1993.880906
MaxLogLH: -1962.404094
MaxLogLH: -1943.823914
MaxLogLH: -1938.568033
MaxLogLH: -1897.063292
MaxLogLH: -1862.746330
MaxLogLH: -1848.251349
MaxLogLH: -1782.575851
MaxLogLH: -1755.392891
MaxLogLH: -1750.151113
MaxLogLH: -1703.970164
MaxLogLH: -1683.720328
MaxLogLH: -1617.952005
MaxLogLH: -1596.578169
MaxLogLH: -1585.736526
MaxLogLH: -1577.745595
MaxLogLH: -1528.063389
MaxLogLH: -1517.895283
MaxLogLH: -1498.069543
MaxLogLH: -1480.156313
MaxLogLH: -1446.024497
MaxLogLH: -1432.123954
MaxLogLH: -1405.687132
MaxLogLH: -1395.344439
MaxLogLH: -1391.076521
MaxLogLH: -1388.404342
MaxLogLH: -1363.484532
MaxLogLH: -1322.810232
MaxLogLH: -1311.312259
MaxLogLH: -1290.691133
MaxLogLH: -1283.973341
MaxLogLH: -1246.449463
MaxLogLH: -1227.025066
MaxLogLH: -1224.502614
MaxLogLH: -1217.349699
MaxLogLH: -1215.393145
MaxLogLH: -1187.168433
MaxLogLH: -1148.248285
MaxLogLH: -1120.401646
MaxLogLH: -1098.897442
MaxLogLH: -1077.695409
MaxLogLH: -1044.519888
MaxLogLH: -1013.776963
MaxLogLH: -1001.734228
MaxLogLH: -976.476844
MaxLogLH: -972.662778
MaxLogLH: -964.636341
MaxLogLH: -955.969267
MaxLogLH: -914.908313
MaxLogLH: -903.784618
MaxLogLH: -895.740013
MaxLogLH: -889.459035
MaxLogLH: -889.154124
MaxLogLH: -846.234646
MaxLogLH: -824.688467
MaxLogLH: -796.779434
MaxLogLH: -786.284043
MaxLogLH: -773.056898
MaxLogLH: -770.199854
MaxLogLH: -763.272308
MaxLogLH: -732.698549
MaxLogLH: -710.720933
MaxLogLH: -707.863616
MaxLogLH: -704.118052
MaxLogLH: -686.023611
MaxLogLH: -683.661415
MaxLogLH: -675.427525
MaxLogLH: -641.267030
MaxLogLH: -626.804138
MaxLogLH: -616.745421
MaxLogLH: -605.088098
MaxLogLH: -582.378356
MaxLogLH: -581.815407
MaxLogLH: -573.421418
MaxLogLH: -564.873636
MaxLogLH: -543.075543
MaxLogLH: -535.987564
MaxLogLH: -531.942308
MaxLogLH: -531.101576
MaxLogLH: -517.444030
MaxLogLH: -486.381530
MaxLogLH: -485.241385
MaxLogLH: -484.410239
MaxLogLH: -471.876100
MaxLogLH: -465.399366
MaxLogLH: -438.159223
MaxLogLH: -432.932727
MaxLogLH: -413.876801
MaxLogLH: -410.524706
MaxLogLH: -403.920291
MaxLogLH: -401.466540
MaxLogLH: -399.341102
MaxLogLH: -392.220699
MaxLogLH: -385.373374
MaxLogLH: -374.361380
MaxLogLH: -361.789704
MaxLogLH: -359.397287
MaxLogLH: -350.836713
MaxLogLH: -348.007835
MaxLogLH: -341.975301
MaxLogLH: -322.900595
MaxLogLH: -321.448190
MaxLogLH: -313.675115
MaxLogLH: -299.132751
MaxLogLH: -283.282160
MaxLogLH: -280.613941
MaxLogLH: -280.034043
MaxLogLH: -273.968528
MaxLogLH: -268.914541
MaxLogLH: -249.948856
MaxLogLH: -236.615448
MaxLogLH: -231.663330
MaxLogLH: -222.701788
MaxLogLH: -222.226285
MaxLogLH: -221.534690
MaxLogLH: -215.855488
MaxLogLH: -204.497795
MaxLogLH: -194.470331
MaxLogLH: -187.361601
MaxLogLH: -182.395881
MaxLogLH: -176.593449
MaxLogLH: -174.107565
MaxLogLH: -159.438014
MaxLogLH: -147.006028
MaxLogLH: -136.825892
MaxLogLH: -136.327660
MaxLogLH: -133.472151
MaxLogLH: -133.421604
MaxLogLH: -127.895764
MaxLogLH: -121.282591
MaxLogLH: -115.346409
MaxLogLH: -103.403245
MaxLogLH: -92.481795
MaxLogLH: -91.145334
MaxLogLH: -87.390546
MaxLogLH: -76.826216
MaxLogLH: -75.960377
MaxLogLH: -66.915962
MaxLogLH: -64.349092
MaxLogLH: -61.296744
MaxLogLH: -60.781459
MaxLogLH: -60.736119
MaxLogLH: -58.347124
MaxLogLH: -57.908410
MaxLogLH: -56.164979
MaxLogLH: -54.061045
MaxLogLH: -53.283019
MaxLogLH: -49.410898
MaxLogLH: -47.595947
MaxLogLH: -43.771576
MaxLogLH: -41.268529
MaxLogLH: -40.971320
MaxLogLH: -38.694488
MaxLogLH: -37.855780
MaxLogLH: -36.594285
MaxLogLH: -34.095676
MaxLogLH: -32.854886
MaxLogLH: -32.229653
MaxLogLH: -30.251356
MaxLogLH: -30.107395
MaxLogLH: -29.795912
MaxLogLH: -28.898740
MaxLogLH: -28.279836
MaxLogLH: -25.726830
MaxLogLH: -25.015112
MaxLogLH: -23.292652
MaxLogLH: -22.590310
MaxLogLH: -21.860993
MaxLogLH: -20.537622
MaxLogLH: -19.616433
MaxLogLH: -19.572033
MaxLogLH: -18.649847
MaxLogLH: -17.844256
MaxLogLH: -17.555924
MaxLogLH: -17.391118
MaxLogLH: -17.148776
MaxLogLH: -14.836668
MaxLogLH: -14.524546
MaxLogLH: -12.734305
MaxLogLH: -11.797554
MaxLogLH: -10.116086
MaxLogLH: -10.001820
MaxLogLH: -9.851534
MaxLogLH: -8.653356
MaxLogLH: -8.116809
MaxLogLH: -8.062836
MaxLogLH: -7.479479
MaxLogLH: -7.038700
MaxLogLH: -6.917134
MaxLogLH: -6.119860
MaxLogLH: -5.400467
MaxLogLH: -4.965907
MaxLogLH: -4.232467
MaxLogLH: -3.279519
MaxLogLH: -2.261871
MaxLogLH: -2.252452
MaxLogLH: -2.077633
MaxLogLH: -1.747038
MaxLogLH: -1.674449
MaxLogLH: -1.556751
MaxLogLH: -1.343282
MaxLogLH: -1.189300
MaxLogLH: -0.988819
MaxLogLH: -0.825887
MaxLogLH: -0.391978
MaxLogLH: -0.370935
MaxLogLH: -0.291885
MaxLogLH: -0.252273
MaxLogLH: -0.195582
10% completed...44.850000% steps accepted
20% completed...46.140000% steps accepted
30% completed...45.986667% steps accepted
MaxLogLH: -0.161594
40% completed...46.317500% steps accepted
MaxLogLH: -0.128177
50% completed...46.386000% steps accepted
MaxLogLH: -0.102916
60% completed...46.290000% steps accepted
70% completed...46.270000% steps accepted
80% completed...45.921250% steps accepted
90% completed...45.834444% steps accepted
100% completed...46.023000% steps accepted
Percent Acceptance: 46.023000%...
MaxLLH: -0.102916...
Writing posterior.dat files...
