0.0125 0.0432526 0.0111678
0.0375 0.126874 0.019127
0.0625 0.253749 0.0270497
0.0875 0.360438 0.0322386
0.1125 0.435409 0.0354331
0.1375 0.536332 0.0393258
0.1625 0.570934 0.0405745
0.1875 0.683391 0.044391
0.2125 0.703576 0.0450418
0.2375 0.816032 0.0485081
0.2625 0.816032 0.0485081
0.2875 0.89677 0.0508512
0.3125 0.965975 0.0527768
0.3375 0.940023 0.0520631
0.3625 0.914072 0.0513394
0.3875 1.01211 0.0540225
0.4125 0.977509 0.053091
0.4375 0.980392 0.0531692
0.4625 1.05248 0.0550893
0.4875 0.925606 0.0516623
0.5125 0.93714 0.0519831
0.5375 1.0669 0.0554654
0.5625 1.01499 0.0540994
0.5875 1.02653 0.0544059
0.6125 0.942907 0.0521429
0.6375 0.977509 0.053091
0.6625 1.02941 0.0544822
0.6875 0.93714 0.0519831
0.7125 0.862168 0.0498605
0.7375 0.882353 0.0504408
0.7625 0.790081 0.0477305
0.7875 0.743945 0.046316
0.8125 0.784314 0.047556
0.8375 0.752595 0.0465845
0.8625 0.648789 0.0432526
0.8875 0.654556 0.0434444
0.9125 0.657439 0.04354
0.9375 0.625721 0.0424767
0.9625 0.562284 0.040266
0.9875 0.568051 0.0404719
1.0125 0.628604 0.0425745
1.0375 0.536332 0.0393258
1.0625 0.478662 0.0371514
1.0875 0.467128 0.036701
1.1125 0.435409 0.0354331
1.1375 0.409458 0.0343609
1.1625 0.429642 0.0351977
1.1875 0.441176 0.035667
1.2125 0.38639 0.033379
1.2375 0.383506 0.0332542
1.2625 0.397924 0.0338735
1.2875 0.331603 0.0309222
1.3125 0.2797 0.0283992
1.3375 0.273933 0.0281049
1.3625 0.250865 0.0268956
1.3875 0.314302 0.0301047
1.4125 0.224913 0.0254664
1.4375 0.294118 0.029122
1.4625 0.167243 0.0219601
1.4875 0.207612 0.0244674
1.5125 0.184544 0.0230681
1.5375 0.196078 0.023778
1.5625 0.167243 0.0219601
1.5875 0.152826 0.0209922
1.6125 0.158593 0.0213847
1.6375 0.11534 0.0182369
1.6625 0.109573 0.0177751
1.6875 0.118224 0.0184634
1.7125 0.138408 0.0199775
1.7375 0.0893887 0.0160547
1.7625 0.103806 0.017301
1.7875 0.103806 0.017301
1.8125 0.100923 0.0170591
1.8375 0.0922722 0.0163116
1.8625 0.0807382 0.0152581
1.8875 0.0576701 0.0128954
1.9125 0.0519031 0.0122337
1.9375 0.0576701 0.0128954
1.9625 0.0692042 0.0141262
1.9875 0.0374856 0.0103966
#avg=0.707366
