Removing first row of model data...
Removing first row of exp data...
EigenValues:
 2233.02  495.636  193.921  101.844  34.0344  21.1481  10.5116  3.05614   2.2267 0.465936 0.377058 0.121237
----------------
ExpZ:
-5.35143 -6.15052 -1.27981  0.61262  -4.4528 0.514699 0.805707 -1.35236  3.08335  0.56562  0.41207  0.86296
5 row:  0.241206   0.24436  0.537688         1 0.0571225   0.38191  0.688442   0.11988  0.552764 0.0653266  0.564587  0.979899  -15.1305  -7.97723  -7.48775  0.378582   5.55932  -9.39783 -0.320718  -1.26029  0.498574 -0.302703 -0.128457  0.163587
Step width fraction: 0.013333
MaxLogLH: -241.519968
MaxLogLH: -199.422048
MaxLogLH: -184.382788
MaxLogLH: -155.647908
MaxLogLH: -127.928699
MaxLogLH: -123.480355
MaxLogLH: -122.508974
MaxLogLH: -118.427856
MaxLogLH: -117.168800
MaxLogLH: -112.431547
MaxLogLH: -112.284186
MaxLogLH: -109.417739
MaxLogLH: -103.146374
MaxLogLH: -99.216522
MaxLogLH: -95.994727
MaxLogLH: -95.278287
MaxLogLH: -94.956042
MaxLogLH: -93.980612
MaxLogLH: -93.749015
MaxLogLH: -93.183607
MaxLogLH: -89.058087
MaxLogLH: -86.786077
MaxLogLH: -80.463430
MaxLogLH: -80.324456
MaxLogLH: -76.242903
MaxLogLH: -69.571776
MaxLogLH: -66.375161
MaxLogLH: -64.607728
MaxLogLH: -63.577834
MaxLogLH: -62.425915
MaxLogLH: -60.554133
MaxLogLH: -55.311457
MaxLogLH: -54.830769
MaxLogLH: -54.809536
MaxLogLH: -54.355026
MaxLogLH: -53.220147
MaxLogLH: -51.841323
MaxLogLH: -48.563999
MaxLogLH: -42.392413
MaxLogLH: -38.252227
MaxLogLH: -37.928300
MaxLogLH: -36.896302
MaxLogLH: -36.344347
MaxLogLH: -35.525835
MaxLogLH: -34.399108
MaxLogLH: -33.592275
MaxLogLH: -32.483002
MaxLogLH: -32.353825
MaxLogLH: -31.488878
MaxLogLH: -30.274900
MaxLogLH: -28.285781
MaxLogLH: -24.911046
MaxLogLH: -21.694472
MaxLogLH: -20.651735
MaxLogLH: -19.577968
MaxLogLH: -15.792374
MaxLogLH: -12.778784
MaxLogLH: -9.963720
MaxLogLH: -9.600765
MaxLogLH: -9.058086
MaxLogLH: -8.277159
MaxLogLH: -7.347467
MaxLogLH: -6.508151
MaxLogLH: -6.108936
MaxLogLH: -5.352660
MaxLogLH: -4.898315
MaxLogLH: -4.786872
MaxLogLH: -4.602605
MaxLogLH: -4.493457
MaxLogLH: -3.565713
MaxLogLH: -3.413131
MaxLogLH: -2.462819
MaxLogLH: -2.458287
MaxLogLH: -2.095576
MaxLogLH: -2.002774
MaxLogLH: -1.717122
MaxLogLH: -1.694318
MaxLogLH: -1.653607
MaxLogLH: -1.506475
MaxLogLH: -1.372319
MaxLogLH: -1.329687
MaxLogLH: -1.302904
MaxLogLH: -1.116028
MaxLogLH: -0.816685
MaxLogLH: -0.812961
MaxLogLH: -0.803284
MaxLogLH: -0.795448
MaxLogLH: -0.528853
MaxLogLH: -0.411138
MaxLogLH: -0.400515
MaxLogLH: -0.249367
MaxLogLH: -0.248473
10% completed...41.650000% steps accepted
MaxLogLH: -0.082803
20% completed...43.360000% steps accepted
30% completed...43.980000% steps accepted
40% completed...44.260000% steps accepted
50% completed...44.210000% steps accepted
60% completed...44.370000% steps accepted
70% completed...44.330000% steps accepted
80% completed...44.230000% steps accepted
90% completed...44.362222% steps accepted
100% completed...44.474000% steps accepted
Percent Acceptance: 44.474000%...
MaxLLH: -0.082803...
Writing posterior.dat files...
