Removing first row of model data...
Removing first row of exp data...
function: I211_J211.dat
  EigenValues:
     11568.5     835.96    15.2325   0.523617   0.445589   0.356193   0.311593   0.292886   0.207877   0.194221   0.151851   0.122213  0.0979858  0.0713623  0.0607098  0.0356336 0.00875838
----------------

function: I2212_J2212.dat
  EigenValues:
    6810.74   673.141   74.9867   10.8735   5.81153   4.35035   3.83687   2.89315   2.34988   1.71327   1.21292  0.747921  0.619173  0.395665 0.0712061         0         0
----------------

function: I321_J2212.dat
  EigenValues:
    2154.32   327.312   16.3617   2.09631   1.65104   1.15871  0.971557  0.862288  0.587091   0.43459  0.323635  0.198272  0.134519  0.100004 0.0718991         0         0
----------------

function: I321_J321.dat
  EigenValues:
    12722.1   1265.92   52.7462   4.17671   2.73972   1.56343   1.27122  0.936014  0.759085  0.645099  0.474716  0.428384  0.301473  0.167229  0.123936 0.0146846         0
----------------

50 row:   0.899497          0 0.00502513   0.994975   0.105085   0.628141   0.844221  0.0772084    0.39196   0.613065   0.152807   0.668342 -236.064  50.5477 -8.41398  182.975  26.9622    8.159 -55.4203 -24.3223 -4.56458  14.8481 -15.4101  1.67487
Step width fraction: 0.003333
MaxLogLH: -42177.587728
MaxLogLH: -42144.178214
MaxLogLH: -41261.545553
MaxLogLH: -41022.919857
MaxLogLH: -40275.200983
MaxLogLH: -39705.796358
MaxLogLH: -38762.469064
MaxLogLH: -38247.371969
MaxLogLH: -38113.821846
MaxLogLH: -36771.170649
MaxLogLH: -35832.596978
MaxLogLH: -35156.742209
MaxLogLH: -34959.293381
MaxLogLH: -34648.612094
MaxLogLH: -33906.335468
MaxLogLH: -33731.947254
MaxLogLH: -32612.416047
MaxLogLH: -32428.170255
MaxLogLH: -32365.735845
MaxLogLH: -31753.458739
MaxLogLH: -31374.948985
MaxLogLH: -30648.706497
MaxLogLH: -30576.928728
MaxLogLH: -29292.406861
MaxLogLH: -28548.397577
MaxLogLH: -27440.332744
MaxLogLH: -25987.840637
MaxLogLH: -24632.795797
MaxLogLH: -24280.636743
MaxLogLH: -23913.941202
MaxLogLH: -22866.023898
MaxLogLH: -21703.807629
MaxLogLH: -21513.290743
MaxLogLH: -21308.427867
MaxLogLH: -20840.356470
MaxLogLH: -20345.600771
MaxLogLH: -19262.592921
MaxLogLH: -18533.526012
MaxLogLH: -18084.152370
MaxLogLH: -17130.029248
MaxLogLH: -15997.792529
MaxLogLH: -15697.413000
MaxLogLH: -15154.764076
MaxLogLH: -14778.169346
MaxLogLH: -14773.476310
MaxLogLH: -13850.585183
MaxLogLH: -13747.019876
MaxLogLH: -13669.226153
MaxLogLH: -13556.505123
MaxLogLH: -13145.091844
MaxLogLH: -13002.975513
MaxLogLH: -12799.323277
MaxLogLH: -12673.058676
MaxLogLH: -12525.516989
MaxLogLH: -12393.123794
MaxLogLH: -12198.748558
MaxLogLH: -11857.991591
MaxLogLH: -11479.483882
MaxLogLH: -11234.395895
MaxLogLH: -10939.644632
MaxLogLH: -10569.730327
MaxLogLH: -10466.235093
MaxLogLH: -9973.352765
MaxLogLH: -9923.419861
MaxLogLH: -9866.284373
MaxLogLH: -9737.616467
MaxLogLH: -9496.289007
MaxLogLH: -9371.834804
MaxLogLH: -9035.309394
MaxLogLH: -8627.700479
MaxLogLH: -8615.899804
MaxLogLH: -8430.799492
MaxLogLH: -8348.842237
MaxLogLH: -8055.294439
MaxLogLH: -7695.583893
MaxLogLH: -7261.999329
MaxLogLH: -6990.031871
MaxLogLH: -6947.897298
MaxLogLH: -6667.861962
MaxLogLH: -6497.611918
MaxLogLH: -6428.318714
MaxLogLH: -6389.740259
MaxLogLH: -6101.206378
MaxLogLH: -5836.925039
MaxLogLH: -5816.938813
MaxLogLH: -5737.031791
MaxLogLH: -5534.756310
MaxLogLH: -5408.201511
MaxLogLH: -5331.721626
MaxLogLH: -5121.371897
MaxLogLH: -5054.869690
MaxLogLH: -4563.522072
MaxLogLH: -4429.995990
MaxLogLH: -4056.445299
MaxLogLH: -3949.723509
MaxLogLH: -3812.502489
MaxLogLH: -3618.268712
MaxLogLH: -3458.607240
MaxLogLH: -3369.687747
MaxLogLH: -3238.295482
MaxLogLH: -3129.992435
MaxLogLH: -2902.579133
MaxLogLH: -2886.526222
MaxLogLH: -2785.785804
MaxLogLH: -2631.863968
MaxLogLH: -2606.259972
MaxLogLH: -2572.149704
MaxLogLH: -2495.246233
MaxLogLH: -2305.746041
MaxLogLH: -2294.011573
MaxLogLH: -2193.911695
MaxLogLH: -2139.706062
MaxLogLH: -2107.825110
MaxLogLH: -2095.622069
MaxLogLH: -2058.568857
MaxLogLH: -2007.489932
MaxLogLH: -1994.460512
MaxLogLH: -1981.395966
MaxLogLH: -1908.830084
MaxLogLH: -1886.741876
MaxLogLH: -1865.218066
MaxLogLH: -1855.851847
MaxLogLH: -1842.577817
MaxLogLH: -1801.170299
MaxLogLH: -1778.380066
MaxLogLH: -1700.674961
MaxLogLH: -1689.040333
MaxLogLH: -1675.104846
MaxLogLH: -1658.742377
MaxLogLH: -1633.577291
MaxLogLH: -1584.178850
MaxLogLH: -1571.604488
MaxLogLH: -1523.167426
MaxLogLH: -1508.465350
MaxLogLH: -1486.869120
MaxLogLH: -1463.299170
MaxLogLH: -1423.409627
MaxLogLH: -1415.963926
MaxLogLH: -1405.758936
MaxLogLH: -1385.030329
MaxLogLH: -1368.831821
MaxLogLH: -1329.263180
MaxLogLH: -1327.986132
MaxLogLH: -1323.316265
MaxLogLH: -1319.486213
MaxLogLH: -1313.094750
MaxLogLH: -1260.745660
MaxLogLH: -1253.272369
MaxLogLH: -1239.243431
MaxLogLH: -1225.623500
MaxLogLH: -1199.979306
MaxLogLH: -1185.050558
MaxLogLH: -1167.596870
MaxLogLH: -1166.050906
MaxLogLH: -1149.497425
MaxLogLH: -1135.699606
MaxLogLH: -1134.290596
MaxLogLH: -1132.727869
MaxLogLH: -1129.290526
MaxLogLH: -1112.866114
MaxLogLH: -1110.042539
MaxLogLH: -1074.876419
MaxLogLH: -1067.832160
MaxLogLH: -1047.332943
MaxLogLH: -1038.994347
MaxLogLH: -1038.801302
MaxLogLH: -1004.065054
MaxLogLH: -979.594277
MaxLogLH: -960.965980
MaxLogLH: -952.459797
MaxLogLH: -949.900298
MaxLogLH: -939.529511
MaxLogLH: -917.852220
MaxLogLH: -886.260311
MaxLogLH: -865.693948
MaxLogLH: -852.931410
MaxLogLH: -826.666833
MaxLogLH: -821.623728
MaxLogLH: -804.881887
MaxLogLH: -781.222409
MaxLogLH: -768.505814
MaxLogLH: -756.654465
MaxLogLH: -753.772143
MaxLogLH: -736.283918
MaxLogLH: -732.668688
MaxLogLH: -719.772366
MaxLogLH: -702.743743
MaxLogLH: -696.238906
MaxLogLH: -685.899279
MaxLogLH: -681.457509
MaxLogLH: -666.275711
MaxLogLH: -645.200764
MaxLogLH: -638.220860
MaxLogLH: -635.964101
MaxLogLH: -628.349369
MaxLogLH: -609.903218
MaxLogLH: -609.590797
MaxLogLH: -576.297795
MaxLogLH: -572.910535
MaxLogLH: -567.367747
MaxLogLH: -554.237127
MaxLogLH: -552.430320
MaxLogLH: -547.398233
MaxLogLH: -529.817620
MaxLogLH: -527.768874
MaxLogLH: -513.975069
MaxLogLH: -511.383764
MaxLogLH: -496.374650
MaxLogLH: -494.353495
MaxLogLH: -492.546479
MaxLogLH: -488.775732
MaxLogLH: -483.372951
MaxLogLH: -464.850849
MaxLogLH: -453.256689
MaxLogLH: -452.611831
MaxLogLH: -452.235287
MaxLogLH: -439.563117
MaxLogLH: -432.469922
MaxLogLH: -418.793770
MaxLogLH: -410.606814
MaxLogLH: -403.143803
MaxLogLH: -400.856770
MaxLogLH: -396.821140
MaxLogLH: -396.294561
MaxLogLH: -386.259921
MaxLogLH: -379.143461
MaxLogLH: -370.442373
MaxLogLH: -365.968804
MaxLogLH: -338.594399
MaxLogLH: -338.002921
MaxLogLH: -333.472413
MaxLogLH: -332.883433
MaxLogLH: -326.886965
MaxLogLH: -324.350500
MaxLogLH: -316.599130
MaxLogLH: -311.908660
MaxLogLH: -308.229624
MaxLogLH: -302.655761
MaxLogLH: -289.969973
MaxLogLH: -283.943464
MaxLogLH: -283.031310
MaxLogLH: -280.408801
MaxLogLH: -277.163853
MaxLogLH: -277.018204
MaxLogLH: -276.253911
MaxLogLH: -270.479482
MaxLogLH: -264.065144
MaxLogLH: -258.497691
MaxLogLH: -253.748677
MaxLogLH: -248.617443
MaxLogLH: -243.005176
MaxLogLH: -239.928012
MaxLogLH: -239.013543
MaxLogLH: -236.992610
MaxLogLH: -230.672564
MaxLogLH: -228.210709
MaxLogLH: -227.823480
MaxLogLH: -217.692274
MaxLogLH: -217.485120
MaxLogLH: -212.973486
MaxLogLH: -209.652566
MaxLogLH: -207.982653
MaxLogLH: -206.377312
MaxLogLH: -206.308714
MaxLogLH: -206.132485
MaxLogLH: -204.348650
MaxLogLH: -203.996297
MaxLogLH: -202.411926
MaxLogLH: -199.467974
MaxLogLH: -195.582571
MaxLogLH: -194.870763
MaxLogLH: -194.503161
MaxLogLH: -193.369098
MaxLogLH: -192.177013
MaxLogLH: -188.161332
MaxLogLH: -181.111600
MaxLogLH: -177.078768
MaxLogLH: -175.748582
MaxLogLH: -172.783530
MaxLogLH: -171.825459
MaxLogLH: -171.539182
MaxLogLH: -171.113135
MaxLogLH: -169.859814
MaxLogLH: -169.482425
MaxLogLH: -168.382235
MaxLogLH: -166.360608
MaxLogLH: -166.302207
MaxLogLH: -163.950950
MaxLogLH: -162.925923
MaxLogLH: -161.482700
MaxLogLH: -158.692601
MaxLogLH: -157.821164
MaxLogLH: -157.087881
MaxLogLH: -156.425030
MaxLogLH: -155.756757
MaxLogLH: -155.698307
MaxLogLH: -155.669763
MaxLogLH: -155.379295
MaxLogLH: -154.531524
MaxLogLH: -153.631116
MaxLogLH: -153.400437
MaxLogLH: -153.281146
MaxLogLH: -153.133622
MaxLogLH: -151.343502
MaxLogLH: -150.549299
MaxLogLH: -150.278095
MaxLogLH: -150.025086
MaxLogLH: -149.546912
MaxLogLH: -149.168879
MaxLogLH: -148.483851
MaxLogLH: -148.111703
MaxLogLH: -147.247352
MaxLogLH: -145.443742
MaxLogLH: -144.611830
MaxLogLH: -144.358947
MaxLogLH: -144.008634
MaxLogLH: -142.979492
MaxLogLH: -142.071835
MaxLogLH: -142.032353
MaxLogLH: -141.539387
MaxLogLH: -140.961796
MaxLogLH: -140.026190
MaxLogLH: -139.312710
MaxLogLH: -139.014539
MaxLogLH: -137.427796
MaxLogLH: -136.646314
MaxLogLH: -135.498898
MaxLogLH: -134.757687
MaxLogLH: -134.451737
MaxLogLH: -134.333685
MaxLogLH: -132.844593
MaxLogLH: -132.684373
MaxLogLH: -132.327830
MaxLogLH: -131.645285
MaxLogLH: -130.464097
MaxLogLH: -129.937961
MaxLogLH: -129.890523
MaxLogLH: -128.851412
MaxLogLH: -128.619578
MaxLogLH: -127.784228
MaxLogLH: -127.391689
MaxLogLH: -127.019206
MaxLogLH: -126.247931
MaxLogLH: -125.987457
MaxLogLH: -125.829580
MaxLogLH: -125.550870
MaxLogLH: -124.931036
MaxLogLH: -124.039064
MaxLogLH: -123.793786
MaxLogLH: -123.205775
MaxLogLH: -122.182321
MaxLogLH: -121.708900
MaxLogLH: -121.402236
MaxLogLH: -119.570874
MaxLogLH: -118.800799
MaxLogLH: -117.921387
MaxLogLH: -117.754537
MaxLogLH: -116.548203
MaxLogLH: -116.497216
MaxLogLH: -116.429778
MaxLogLH: -116.058016
MaxLogLH: -115.964728
MaxLogLH: -115.366666
MaxLogLH: -115.121200
MaxLogLH: -114.506991
MaxLogLH: -112.925453
MaxLogLH: -112.806861
MaxLogLH: -110.464007
MaxLogLH: -110.340873
MaxLogLH: -110.003818
MaxLogLH: -110.000593
MaxLogLH: -108.633812
MaxLogLH: -108.367080
MaxLogLH: -108.192069
MaxLogLH: -107.902732
MaxLogLH: -107.900921
MaxLogLH: -106.169574
MaxLogLH: -104.929449
MaxLogLH: -104.568421
MaxLogLH: -103.725943
MaxLogLH: -102.397940
MaxLogLH: -101.868159
MaxLogLH: -101.159556
MaxLogLH: -99.549435
MaxLogLH: -99.164369
MaxLogLH: -98.775899
MaxLogLH: -97.271165
MaxLogLH: -96.774369
MaxLogLH: -96.143441
MaxLogLH: -95.855109
MaxLogLH: -95.789068
MaxLogLH: -94.876029
MaxLogLH: -94.550859
MaxLogLH: -94.422087
MaxLogLH: -94.140270
MaxLogLH: -94.123366
MaxLogLH: -93.583819
MaxLogLH: -93.361506
MaxLogLH: -92.931622
MaxLogLH: -92.082743
MaxLogLH: -91.893778
MaxLogLH: -91.706990
MaxLogLH: -91.161929
MaxLogLH: -91.042249
MaxLogLH: -90.273232
MaxLogLH: -89.985365
MaxLogLH: -88.983400
MaxLogLH: -88.865564
10% completed...28.650000% steps accepted
20% completed...28.570000% steps accepted
30% completed...28.710000% steps accepted
40% completed...28.345000% steps accepted
50% completed...28.242000% steps accepted
60% completed...28.013333% steps accepted
MaxLogLH: -88.807474
70% completed...27.965714% steps accepted
80% completed...27.883750% steps accepted
90% completed...27.956667% steps accepted
100% completed...27.862000% steps accepted
Percent Acceptance: 27.862000%...
MaxLLH: -88.807474...
Writing posterior.dat files...
