Removing first row of model data...
Removing first row of exp data...
function: I211_J211.dat
  EigenValues:
     11568.5     835.96    15.2325   0.523617   0.445589   0.356193   0.311593   0.292886   0.207877   0.194221   0.151851   0.122213  0.0979858  0.0713623  0.0607098  0.0356336 0.00875838
----------------

function: I2212_J2212.dat
  EigenValues:
    6810.74   673.141   74.9867   10.8735   5.81153   4.35035   3.83687   2.89315   2.34988   1.71327   1.21292  0.747921  0.619173  0.395665 0.0712061         0         0
----------------

function: I321_J2212.dat
  EigenValues:
    2154.32   327.312   16.3617   2.09631   1.65104   1.15871  0.971557  0.862288  0.587091   0.43459  0.323635  0.198272  0.134519  0.100004 0.0718991         0         0
----------------

function: I321_J321.dat
  EigenValues:
    12722.1   1265.92   52.7462   4.17671   2.73972   1.56343   1.27122  0.936014  0.759085  0.645099  0.474716  0.428384  0.301473  0.167229  0.123936 0.0146846         0
----------------

10 row:  0.130653  0.431896  0.884422  0.748744  0.154451  0.809045  0.256281  0.123214 0.0954774  0.824121  0.166752  0.829146   72.4516   51.4707   3.63896  -36.0639   5.98948 -0.440466   38.2931  -34.9462   4.56589   -60.264  -15.0778  -11.3248
Step width fraction: 0.004000
MaxLogLH: -12315.153079
MaxLogLH: -12229.813766
MaxLogLH: -12068.239464
MaxLogLH: -12020.982346
MaxLogLH: -11747.743015
MaxLogLH: -10287.383991
MaxLogLH: -10080.771473
MaxLogLH: -9720.168744
MaxLogLH: -9675.361457
MaxLogLH: -9426.265673
MaxLogLH: -9046.327685
MaxLogLH: -8286.608041
MaxLogLH: -8027.664158
MaxLogLH: -7964.484916
MaxLogLH: -7885.114328
MaxLogLH: -7533.512794
MaxLogLH: -7098.985059
MaxLogLH: -6820.357167
MaxLogLH: -6423.271400
MaxLogLH: -6230.928473
MaxLogLH: -6018.381395
MaxLogLH: -5602.620247
MaxLogLH: -5437.776070
MaxLogLH: -4714.965807
MaxLogLH: -4590.121519
MaxLogLH: -4260.609024
MaxLogLH: -4100.308591
MaxLogLH: -3992.243280
MaxLogLH: -3882.815235
MaxLogLH: -3849.875321
MaxLogLH: -3734.741798
MaxLogLH: -3576.011007
MaxLogLH: -3293.117265
MaxLogLH: -3183.524972
MaxLogLH: -3164.788196
MaxLogLH: -3051.117338
MaxLogLH: -2961.235867
MaxLogLH: -2919.849371
MaxLogLH: -2879.068207
MaxLogLH: -2825.231017
MaxLogLH: -2753.984355
MaxLogLH: -2740.694640
MaxLogLH: -2701.626594
MaxLogLH: -2686.791164
MaxLogLH: -2637.972807
MaxLogLH: -2597.616103
MaxLogLH: -2590.431321
MaxLogLH: -2485.015017
MaxLogLH: -2476.246354
MaxLogLH: -2474.629447
MaxLogLH: -2408.909377
MaxLogLH: -2408.643225
MaxLogLH: -2320.477222
MaxLogLH: -2293.466555
MaxLogLH: -2244.435904
MaxLogLH: -2231.464926
MaxLogLH: -2230.164955
MaxLogLH: -2224.996109
MaxLogLH: -2176.548256
MaxLogLH: -2170.621729
MaxLogLH: -2128.918143
MaxLogLH: -2119.613027
MaxLogLH: -2095.472511
MaxLogLH: -2085.188822
MaxLogLH: -2045.393656
MaxLogLH: -1978.902926
MaxLogLH: -1976.262132
MaxLogLH: -1971.097747
MaxLogLH: -1958.385223
MaxLogLH: -1897.755798
MaxLogLH: -1872.454161
MaxLogLH: -1864.774160
MaxLogLH: -1849.716965
MaxLogLH: -1840.763300
MaxLogLH: -1820.431924
MaxLogLH: -1817.352889
MaxLogLH: -1811.744279
MaxLogLH: -1809.412848
MaxLogLH: -1808.015956
MaxLogLH: -1775.972533
MaxLogLH: -1763.296900
MaxLogLH: -1756.117107
MaxLogLH: -1710.250094
MaxLogLH: -1682.555681
MaxLogLH: -1675.930906
MaxLogLH: -1672.259754
MaxLogLH: -1642.263675
MaxLogLH: -1636.092365
MaxLogLH: -1609.231881
MaxLogLH: -1575.401984
MaxLogLH: -1556.136949
MaxLogLH: -1539.872808
MaxLogLH: -1539.244399
MaxLogLH: -1512.732309
MaxLogLH: -1508.205276
MaxLogLH: -1486.291903
MaxLogLH: -1472.171774
MaxLogLH: -1456.532000
MaxLogLH: -1454.950917
MaxLogLH: -1447.809899
MaxLogLH: -1430.339142
MaxLogLH: -1416.386341
MaxLogLH: -1407.955931
MaxLogLH: -1398.314696
MaxLogLH: -1388.627618
MaxLogLH: -1385.312608
MaxLogLH: -1373.099509
MaxLogLH: -1373.036550
MaxLogLH: -1369.067434
MaxLogLH: -1353.852392
MaxLogLH: -1343.688810
MaxLogLH: -1320.139210
MaxLogLH: -1316.027761
MaxLogLH: -1311.296094
MaxLogLH: -1305.557064
MaxLogLH: -1292.659072
MaxLogLH: -1288.176111
MaxLogLH: -1278.172286
MaxLogLH: -1262.024892
MaxLogLH: -1255.749997
MaxLogLH: -1241.241553
MaxLogLH: -1230.050025
MaxLogLH: -1225.439318
MaxLogLH: -1211.246923
MaxLogLH: -1208.960124
MaxLogLH: -1207.180897
MaxLogLH: -1204.496713
MaxLogLH: -1191.385862
MaxLogLH: -1183.734499
MaxLogLH: -1173.614886
MaxLogLH: -1173.499451
MaxLogLH: -1170.906089
MaxLogLH: -1165.879419
MaxLogLH: -1158.685700
MaxLogLH: -1154.129167
MaxLogLH: -1150.055621
MaxLogLH: -1141.374418
MaxLogLH: -1136.374613
MaxLogLH: -1132.877449
MaxLogLH: -1131.641310
MaxLogLH: -1130.684631
MaxLogLH: -1125.581443
MaxLogLH: -1117.273132
MaxLogLH: -1095.443716
MaxLogLH: -1083.856441
MaxLogLH: -1082.662139
MaxLogLH: -1081.091235
MaxLogLH: -1078.509992
MaxLogLH: -1067.510165
MaxLogLH: -1066.128710
MaxLogLH: -1064.278342
MaxLogLH: -1064.076409
MaxLogLH: -1059.944119
MaxLogLH: -1043.514038
MaxLogLH: -1040.546754
MaxLogLH: -1036.229140
MaxLogLH: -1028.332634
MaxLogLH: -1024.055649
MaxLogLH: -1023.861984
MaxLogLH: -1022.642040
MaxLogLH: -1021.370520
MaxLogLH: -1014.978975
MaxLogLH: -1013.819669
MaxLogLH: -1012.397704
MaxLogLH: -1009.299292
MaxLogLH: -1007.911976
MaxLogLH: -1002.569461
MaxLogLH: -999.338028
MaxLogLH: -984.504886
MaxLogLH: -984.235501
MaxLogLH: -972.172696
MaxLogLH: -964.307665
MaxLogLH: -962.749059
MaxLogLH: -953.366462
MaxLogLH: -952.467796
MaxLogLH: -950.302933
MaxLogLH: -946.906915
MaxLogLH: -940.724774
MaxLogLH: -940.699453
MaxLogLH: -934.304107
MaxLogLH: -931.796441
MaxLogLH: -920.849156
MaxLogLH: -916.006531
MaxLogLH: -914.213230
MaxLogLH: -913.004865
MaxLogLH: -902.305073
MaxLogLH: -899.500817
MaxLogLH: -893.166032
MaxLogLH: -890.807479
MaxLogLH: -890.474129
MaxLogLH: -887.771772
MaxLogLH: -882.387255
MaxLogLH: -854.523588
MaxLogLH: -854.465795
MaxLogLH: -850.219706
MaxLogLH: -841.495371
MaxLogLH: -832.263032
MaxLogLH: -831.507673
MaxLogLH: -826.755064
MaxLogLH: -804.888922
MaxLogLH: -796.990583
MaxLogLH: -795.109695
MaxLogLH: -792.506910
MaxLogLH: -789.155113
MaxLogLH: -782.824438
MaxLogLH: -772.874217
MaxLogLH: -768.280485
MaxLogLH: -767.975907
MaxLogLH: -761.761372
MaxLogLH: -757.422356
MaxLogLH: -755.929348
MaxLogLH: -738.949730
MaxLogLH: -728.427398
MaxLogLH: -715.084646
MaxLogLH: -704.753074
MaxLogLH: -689.790463
MaxLogLH: -682.199552
MaxLogLH: -681.551139
MaxLogLH: -681.246861
MaxLogLH: -670.476578
MaxLogLH: -666.179819
MaxLogLH: -663.703391
MaxLogLH: -663.606008
MaxLogLH: -659.467597
MaxLogLH: -653.262208
MaxLogLH: -646.361253
MaxLogLH: -644.274326
MaxLogLH: -640.284235
MaxLogLH: -636.882933
MaxLogLH: -635.589308
MaxLogLH: -634.081607
MaxLogLH: -629.497668
MaxLogLH: -624.312594
MaxLogLH: -618.134601
MaxLogLH: -611.299267
MaxLogLH: -601.988126
MaxLogLH: -596.271602
MaxLogLH: -594.000893
MaxLogLH: -590.680259
MaxLogLH: -583.725068
MaxLogLH: -580.919213
MaxLogLH: -578.625181
MaxLogLH: -569.965525
MaxLogLH: -566.990199
MaxLogLH: -562.421203
MaxLogLH: -548.478230
MaxLogLH: -545.696077
MaxLogLH: -534.983549
MaxLogLH: -530.500810
MaxLogLH: -527.922398
MaxLogLH: -524.985543
MaxLogLH: -524.406829
MaxLogLH: -520.969243
MaxLogLH: -520.040133
MaxLogLH: -511.245357
MaxLogLH: -510.824868
MaxLogLH: -506.188606
MaxLogLH: -505.102812
MaxLogLH: -503.782977
MaxLogLH: -502.480688
MaxLogLH: -491.789419
MaxLogLH: -487.396455
MaxLogLH: -475.130166
MaxLogLH: -472.487704
MaxLogLH: -471.735354
MaxLogLH: -469.156729
MaxLogLH: -465.214763
MaxLogLH: -459.920037
MaxLogLH: -454.830918
MaxLogLH: -451.456071
MaxLogLH: -447.273753
MaxLogLH: -446.025067
MaxLogLH: -442.710653
MaxLogLH: -436.388816
MaxLogLH: -436.327504
MaxLogLH: -435.905130
MaxLogLH: -433.651827
MaxLogLH: -431.364427
MaxLogLH: -422.957010
MaxLogLH: -417.803800
MaxLogLH: -414.771575
MaxLogLH: -414.167203
MaxLogLH: -411.358044
MaxLogLH: -408.129738
MaxLogLH: -404.130459
MaxLogLH: -399.440148
MaxLogLH: -395.940190
MaxLogLH: -394.833845
MaxLogLH: -393.699177
MaxLogLH: -391.154486
MaxLogLH: -390.229690
MaxLogLH: -384.137390
MaxLogLH: -381.418024
MaxLogLH: -377.686370
MaxLogLH: -377.003607
MaxLogLH: -375.202800
MaxLogLH: -369.107518
MaxLogLH: -368.659023
MaxLogLH: -364.175140
MaxLogLH: -363.208600
MaxLogLH: -361.292533
MaxLogLH: -360.338761
MaxLogLH: -357.952956
MaxLogLH: -355.873537
MaxLogLH: -353.203158
MaxLogLH: -349.055562
MaxLogLH: -345.435324
MaxLogLH: -342.063090
MaxLogLH: -340.949195
MaxLogLH: -340.394261
MaxLogLH: -335.012805
MaxLogLH: -330.754294
MaxLogLH: -330.293117
MaxLogLH: -329.555711
MaxLogLH: -328.739840
MaxLogLH: -326.888830
MaxLogLH: -326.770038
MaxLogLH: -325.433679
MaxLogLH: -321.141953
MaxLogLH: -320.949382
MaxLogLH: -320.492920
MaxLogLH: -317.536120
MaxLogLH: -316.001280
MaxLogLH: -311.786824
MaxLogLH: -307.262566
MaxLogLH: -302.596455
MaxLogLH: -302.173631
MaxLogLH: -293.502502
MaxLogLH: -293.378329
MaxLogLH: -292.679255
MaxLogLH: -292.479758
MaxLogLH: -288.277492
MaxLogLH: -287.899979
MaxLogLH: -286.133394
MaxLogLH: -285.328148
MaxLogLH: -282.671725
MaxLogLH: -280.803125
MaxLogLH: -280.475874
MaxLogLH: -276.923948
MaxLogLH: -275.229569
MaxLogLH: -274.212739
MaxLogLH: -269.079474
MaxLogLH: -267.453300
MaxLogLH: -265.537105
MaxLogLH: -261.675253
MaxLogLH: -261.525761
MaxLogLH: -260.905757
MaxLogLH: -259.820256
MaxLogLH: -256.098342
MaxLogLH: -255.921327
MaxLogLH: -254.804859
MaxLogLH: -251.560942
MaxLogLH: -251.337553
MaxLogLH: -250.917431
MaxLogLH: -249.361081
MaxLogLH: -244.755861
MaxLogLH: -240.991826
MaxLogLH: -239.712551
MaxLogLH: -239.124459
MaxLogLH: -237.181788
MaxLogLH: -235.390074
MaxLogLH: -233.675363
MaxLogLH: -232.757877
MaxLogLH: -229.985609
MaxLogLH: -226.259976
MaxLogLH: -225.473035
MaxLogLH: -224.610229
MaxLogLH: -220.167306
MaxLogLH: -219.127738
MaxLogLH: -217.293261
MaxLogLH: -216.500025
MaxLogLH: -216.166400
MaxLogLH: -213.865083
MaxLogLH: -213.320169
MaxLogLH: -211.795097
MaxLogLH: -211.614400
MaxLogLH: -211.434123
MaxLogLH: -208.819666
MaxLogLH: -207.850559
MaxLogLH: -205.168744
MaxLogLH: -202.755353
MaxLogLH: -201.443955
MaxLogLH: -197.750997
MaxLogLH: -195.271743
MaxLogLH: -193.846168
MaxLogLH: -192.495694
MaxLogLH: -191.285721
MaxLogLH: -190.811512
MaxLogLH: -189.296532
MaxLogLH: -188.819291
MaxLogLH: -187.827923
MaxLogLH: -187.822655
MaxLogLH: -186.794997
MaxLogLH: -186.737575
MaxLogLH: -185.646244
MaxLogLH: -184.438889
MaxLogLH: -184.301599
MaxLogLH: -183.041571
MaxLogLH: -182.893783
MaxLogLH: -181.779961
MaxLogLH: -181.703153
MaxLogLH: -180.575662
MaxLogLH: -179.862149
MaxLogLH: -179.371901
MaxLogLH: -178.026523
MaxLogLH: -177.564887
MaxLogLH: -177.018597
MaxLogLH: -176.590988
MaxLogLH: -175.795506
MaxLogLH: -174.249728
MaxLogLH: -173.282124
MaxLogLH: -173.275974
MaxLogLH: -172.849009
MaxLogLH: -171.562828
MaxLogLH: -171.548977
MaxLogLH: -171.461207
MaxLogLH: -170.829325
MaxLogLH: -170.716602
MaxLogLH: -170.693824
MaxLogLH: -170.675803
MaxLogLH: -170.130137
10% completed...36.620000% steps accepted
20% completed...36.760000% steps accepted
30% completed...37.043333% steps accepted
40% completed...36.890000% steps accepted
50% completed...36.806000% steps accepted
60% completed...36.858333% steps accepted
MaxLogLH: -170.105754
MaxLogLH: -170.091811
70% completed...36.807143% steps accepted
80% completed...36.742500% steps accepted
90% completed...36.887778% steps accepted
100% completed...36.848000% steps accepted
Percent Acceptance: 36.848000%...
MaxLLH: -170.091811...
Writing posterior.dat files...
