Removing first row of model data...
Removing first row of exp data...
function: I211_J211.dat
  EigenValues:
     11568.5     835.96    15.2325   0.523617   0.445589   0.356193   0.311593   0.292886   0.207877   0.194221   0.151851   0.122213  0.0979858  0.0713623  0.0607098  0.0356336 0.00875838
----------------

function: I2212_J2212.dat
  EigenValues:
    6810.74   673.141   74.9867   10.8735   5.81153   4.35035   3.83687   2.89315   2.34988   1.71327   1.21292  0.747921  0.619173  0.395665 0.0712061         0         0
----------------

function: I321_J2212.dat
  EigenValues:
    2154.32   327.312   16.3617   2.09631   1.65104   1.15871  0.971557  0.862288  0.587091   0.43459  0.323635  0.198272  0.134519  0.100004 0.0718991         0         0
----------------

function: I321_J321.dat
  EigenValues:
    12722.1   1265.92   52.7462   4.17671   2.73972   1.56343   1.27122  0.936014  0.759085  0.645099  0.474716  0.428384  0.301473  0.167229  0.123936 0.0146846         0
----------------

Step width fraction: 0.002857
MaxLogLH: -1561.327221
MaxLogLH: -1557.935154
MaxLogLH: -1490.908117
MaxLogLH: -1409.692826
MaxLogLH: -1217.057477
MaxLogLH: -1101.051979
MaxLogLH: -1026.283825
MaxLogLH: -1019.821857
MaxLogLH: -959.468917
MaxLogLH: -811.669116
MaxLogLH: -657.010181
MaxLogLH: -586.104610
MaxLogLH: -478.258487
MaxLogLH: -435.052912
MaxLogLH: -414.275319
MaxLogLH: -362.194163
MaxLogLH: -333.493715
MaxLogLH: -328.364070
MaxLogLH: -322.848673
MaxLogLH: -307.952385
MaxLogLH: -296.540638
MaxLogLH: -294.388844
MaxLogLH: -292.731158
MaxLogLH: -289.777082
MaxLogLH: -277.413065
MaxLogLH: -276.321044
MaxLogLH: -276.044069
MaxLogLH: -275.012242
MaxLogLH: -264.610493
MaxLogLH: -262.670526
MaxLogLH: -257.299169
MaxLogLH: -252.985391
MaxLogLH: -248.249582
MaxLogLH: -245.386302
MaxLogLH: -245.185155
MaxLogLH: -237.842705
MaxLogLH: -234.535291
MaxLogLH: -233.882259
MaxLogLH: -232.970898
MaxLogLH: -229.242139
MaxLogLH: -217.055978
MaxLogLH: -214.300964
MaxLogLH: -213.968537
MaxLogLH: -210.313656
MaxLogLH: -207.177471
MaxLogLH: -192.253264
MaxLogLH: -192.151592
MaxLogLH: -189.533023
MaxLogLH: -187.355692
MaxLogLH: -184.137285
MaxLogLH: -182.221650
MaxLogLH: -176.401610
MaxLogLH: -173.514817
MaxLogLH: -165.886432
MaxLogLH: -162.792399
MaxLogLH: -159.176237
MaxLogLH: -155.987699
MaxLogLH: -153.989033
MaxLogLH: -152.461578
MaxLogLH: -150.036865
MaxLogLH: -149.756137
MaxLogLH: -142.641634
MaxLogLH: -142.181395
MaxLogLH: -140.649084
MaxLogLH: -140.349906
MaxLogLH: -138.023919
MaxLogLH: -137.423030
MaxLogLH: -135.657251
MaxLogLH: -134.442059
MaxLogLH: -134.333513
MaxLogLH: -132.006594
MaxLogLH: -131.316902
MaxLogLH: -126.874933
MaxLogLH: -126.781077
MaxLogLH: -124.541748
MaxLogLH: -122.902823
MaxLogLH: -121.923017
MaxLogLH: -119.672563
MaxLogLH: -118.615125
MaxLogLH: -117.639074
MaxLogLH: -117.610979
MaxLogLH: -117.528898
MaxLogLH: -116.922415
MaxLogLH: -113.504220
MaxLogLH: -112.472266
MaxLogLH: -112.306423
MaxLogLH: -111.375767
MaxLogLH: -110.710271
MaxLogLH: -110.550206
MaxLogLH: -108.694535
MaxLogLH: -108.482979
MaxLogLH: -108.367649
MaxLogLH: -108.344344
MaxLogLH: -108.280907
MaxLogLH: -107.185206
MaxLogLH: -106.480290
MaxLogLH: -104.148215
MaxLogLH: -103.725947
MaxLogLH: -103.405512
MaxLogLH: -103.212280
MaxLogLH: -102.040937
MaxLogLH: -100.572979
MaxLogLH: -100.070251
MaxLogLH: -98.912607
MaxLogLH: -98.348638
MaxLogLH: -98.078527
MaxLogLH: -96.970990
MaxLogLH: -94.889009
MaxLogLH: -93.898905
MaxLogLH: -93.883054
MaxLogLH: -93.284703
MaxLogLH: -91.298072
MaxLogLH: -90.939154
MaxLogLH: -90.497512
MaxLogLH: -90.408132
MaxLogLH: -89.461337
MaxLogLH: -89.009931
MaxLogLH: -88.535396
MaxLogLH: -87.875892
MaxLogLH: -87.826736
MaxLogLH: -86.167767
MaxLogLH: -85.605211
MaxLogLH: -85.337588
MaxLogLH: -85.207496
MaxLogLH: -85.084505
MaxLogLH: -84.845026
MaxLogLH: -84.274558
MaxLogLH: -83.187606
MaxLogLH: -82.992562
MaxLogLH: -81.531201
MaxLogLH: -80.849138
MaxLogLH: -80.236078
MaxLogLH: -80.029477
MaxLogLH: -80.020713
MaxLogLH: -79.866802
MaxLogLH: -79.820077
MaxLogLH: -79.187861
MaxLogLH: -78.999581
MaxLogLH: -78.452241
MaxLogLH: -78.197393
MaxLogLH: -77.589036
MaxLogLH: -77.280608
MaxLogLH: -77.155777
MaxLogLH: -76.846484
MaxLogLH: -76.693825
MaxLogLH: -75.766435
MaxLogLH: -74.978284
MaxLogLH: -74.827988
MaxLogLH: -74.780711
MaxLogLH: -74.716055
MaxLogLH: -73.625274
MaxLogLH: -73.356731
MaxLogLH: -73.300354
MaxLogLH: -72.527799
MaxLogLH: -72.421432
MaxLogLH: -71.902677
MaxLogLH: -71.574347
MaxLogLH: -71.567476
MaxLogLH: -71.276350
MaxLogLH: -70.959552
MaxLogLH: -70.872274
MaxLogLH: -70.571303
MaxLogLH: -70.238396
MaxLogLH: -69.886643
MaxLogLH: -69.734368
MaxLogLH: -69.559454
MaxLogLH: -69.432236
MaxLogLH: -69.115820
MaxLogLH: -69.105536
MaxLogLH: -69.027183
MaxLogLH: -68.868593
MaxLogLH: -68.837203
10% completed...24.080000% steps accepted
MaxLogLH: -68.823289
MaxLogLH: -68.788077
MaxLogLH: -68.770175
MaxLogLH: -68.745409
20% completed...24.705000% steps accepted
30% completed...24.796667% steps accepted
MaxLogLH: -68.735786
MaxLogLH: -68.679810
40% completed...24.912500% steps accepted
MaxLogLH: -68.557907
50% completed...25.112000% steps accepted
60% completed...25.076667% steps accepted
70% completed...25.130000% steps accepted
80% completed...25.332500% steps accepted
90% completed...25.450000% steps accepted
100% completed...25.484000% steps accepted
Percent Acceptance: 25.484000%...
MaxLLH: -68.557907...
Writing posterior.dat files...
