Removing first row of model data...
Removing first row of exp data...
function: I211_J211.dat
  EigenValues:
     11568.5     835.96    15.2325   0.523617   0.445589   0.356193   0.311593   0.292886   0.207877   0.194221   0.151851   0.122213  0.0979858  0.0713623  0.0607098  0.0356336 0.00875838
----------------

function: I2212_J2212.dat
  EigenValues:
    6810.74   673.141   74.9867   10.8735   5.81153   4.35035   3.83687   2.89315   2.34988   1.71327   1.21292  0.747921  0.619173  0.395665 0.0712061         0         0
----------------

function: I321_J2212.dat
  EigenValues:
    2154.32   327.312   16.3617   2.09631   1.65104   1.15871  0.971557  0.862288  0.587091   0.43459  0.323635  0.198272  0.134519  0.100004 0.0718991         0         0
----------------

function: I321_J321.dat
  EigenValues:
    12722.1   1265.92   52.7462   4.17671   2.73972   1.56343   1.27122  0.936014  0.759085  0.645099  0.474716  0.428384  0.301473  0.167229  0.123936 0.0146846         0
----------------

20 row:  0.562814  0.101309  0.326633  0.693467 0.0625014  0.311558  0.316583  0.249658  0.879397  0.231156  0.229083  0.542714  -50.3668   -12.645    2.2788   78.2105   9.09467 -0.728192  -82.3781   1.65324    5.3925  -12.4744    2.8363    2.1375
Step width fraction: 0.004000
MaxLogLH: -6640.509239
MaxLogLH: -6492.802583
MaxLogLH: -6121.503984
MaxLogLH: -6013.197047
MaxLogLH: -5974.197522
MaxLogLH: -5926.339273
MaxLogLH: -5725.431997
MaxLogLH: -5526.051226
MaxLogLH: -5403.270059
MaxLogLH: -5218.958060
MaxLogLH: -4875.936926
MaxLogLH: -4855.128973
MaxLogLH: -4764.940637
MaxLogLH: -4628.985163
MaxLogLH: -4614.980046
MaxLogLH: -4471.713864
MaxLogLH: -4445.629454
MaxLogLH: -4212.220504
MaxLogLH: -4142.932779
MaxLogLH: -3946.808275
MaxLogLH: -3873.677411
MaxLogLH: -3738.458896
MaxLogLH: -3577.112794
MaxLogLH: -3518.911359
MaxLogLH: -3462.367577
MaxLogLH: -3444.128992
MaxLogLH: -3410.643279
MaxLogLH: -3314.253834
MaxLogLH: -3278.422181
MaxLogLH: -3225.566269
MaxLogLH: -3078.130276
MaxLogLH: -2980.728367
MaxLogLH: -2934.675700
MaxLogLH: -2900.457283
MaxLogLH: -2852.155342
MaxLogLH: -2834.204534
MaxLogLH: -2762.089158
MaxLogLH: -2623.751052
MaxLogLH: -2595.546049
MaxLogLH: -2583.869857
MaxLogLH: -2512.115127
MaxLogLH: -2459.284883
MaxLogLH: -2390.493616
MaxLogLH: -2331.285825
MaxLogLH: -2325.212422
MaxLogLH: -2299.083693
MaxLogLH: -2278.939553
MaxLogLH: -2202.515506
MaxLogLH: -2157.930673
MaxLogLH: -2139.063017
MaxLogLH: -2128.594395
MaxLogLH: -2126.371791
MaxLogLH: -2052.064372
MaxLogLH: -1985.462979
MaxLogLH: -1945.386684
MaxLogLH: -1911.028909
MaxLogLH: -1902.583231
MaxLogLH: -1845.986442
MaxLogLH: -1841.877569
MaxLogLH: -1798.494200
MaxLogLH: -1760.930347
MaxLogLH: -1759.111398
MaxLogLH: -1729.908254
MaxLogLH: -1715.181344
MaxLogLH: -1696.170783
MaxLogLH: -1682.569157
MaxLogLH: -1657.693332
MaxLogLH: -1642.899457
MaxLogLH: -1595.202925
MaxLogLH: -1584.961941
MaxLogLH: -1527.633860
MaxLogLH: -1515.991012
MaxLogLH: -1473.880467
MaxLogLH: -1442.872799
MaxLogLH: -1406.413260
MaxLogLH: -1361.492784
MaxLogLH: -1338.740671
MaxLogLH: -1301.912513
MaxLogLH: -1266.781629
MaxLogLH: -1242.004473
MaxLogLH: -1233.568976
MaxLogLH: -1224.464344
MaxLogLH: -1214.145418
MaxLogLH: -1181.433766
MaxLogLH: -1162.755121
MaxLogLH: -1107.090489
MaxLogLH: -1069.055858
MaxLogLH: -1028.854628
MaxLogLH: -1026.682261
MaxLogLH: -997.430294
MaxLogLH: -972.535288
MaxLogLH: -962.425365
MaxLogLH: -933.992292
MaxLogLH: -919.959728
MaxLogLH: -896.288722
MaxLogLH: -874.817673
MaxLogLH: -847.786182
MaxLogLH: -818.475439
MaxLogLH: -817.388567
MaxLogLH: -792.088429
MaxLogLH: -751.529910
MaxLogLH: -714.458919
MaxLogLH: -696.176862
MaxLogLH: -671.676728
MaxLogLH: -663.029680
MaxLogLH: -660.159712
MaxLogLH: -646.314013
MaxLogLH: -644.103512
MaxLogLH: -614.651499
MaxLogLH: -600.935551
MaxLogLH: -585.533858
MaxLogLH: -572.388480
MaxLogLH: -560.215221
MaxLogLH: -556.165941
MaxLogLH: -531.498009
MaxLogLH: -515.129876
MaxLogLH: -503.480431
MaxLogLH: -476.386076
MaxLogLH: -472.586621
MaxLogLH: -458.954000
MaxLogLH: -426.787283
MaxLogLH: -418.760075
MaxLogLH: -406.775548
MaxLogLH: -397.501546
MaxLogLH: -374.746104
MaxLogLH: -364.865755
MaxLogLH: -358.140880
MaxLogLH: -356.907987
MaxLogLH: -341.892466
MaxLogLH: -330.961087
MaxLogLH: -313.601272
MaxLogLH: -301.155352
MaxLogLH: -277.247184
MaxLogLH: -255.646835
MaxLogLH: -241.662997
MaxLogLH: -227.129830
MaxLogLH: -226.380472
MaxLogLH: -225.273518
MaxLogLH: -214.229017
MaxLogLH: -198.481665
MaxLogLH: -195.060082
MaxLogLH: -187.403793
MaxLogLH: -183.769360
MaxLogLH: -173.776107
MaxLogLH: -166.273775
MaxLogLH: -158.025803
MaxLogLH: -154.753993
MaxLogLH: -146.242314
MaxLogLH: -132.709716
MaxLogLH: -119.892004
MaxLogLH: -118.015685
MaxLogLH: -114.672202
MaxLogLH: -111.062694
MaxLogLH: -107.334527
MaxLogLH: -104.325567
MaxLogLH: -95.511557
MaxLogLH: -94.449923
MaxLogLH: -88.793404
MaxLogLH: -85.197418
MaxLogLH: -83.283445
MaxLogLH: -77.496629
MaxLogLH: -76.647028
MaxLogLH: -66.720393
MaxLogLH: -66.523646
MaxLogLH: -61.544392
MaxLogLH: -50.530072
MaxLogLH: -47.570467
MaxLogLH: -41.845109
MaxLogLH: -41.305573
MaxLogLH: -39.925988
MaxLogLH: -36.505082
MaxLogLH: -32.108684
MaxLogLH: -32.083818
MaxLogLH: -30.150636
MaxLogLH: -30.063181
MaxLogLH: -25.848523
MaxLogLH: -23.121335
MaxLogLH: -20.054361
MaxLogLH: -18.706722
MaxLogLH: -16.344733
MaxLogLH: -15.405693
MaxLogLH: -15.181925
MaxLogLH: -14.598770
MaxLogLH: -14.195132
MaxLogLH: -11.528474
MaxLogLH: -10.407046
MaxLogLH: -9.600915
MaxLogLH: -8.442094
MaxLogLH: -8.400627
MaxLogLH: -7.265623
MaxLogLH: -7.036478
MaxLogLH: -6.644816
MaxLogLH: -6.390230
MaxLogLH: -6.088066
MaxLogLH: -5.319106
MaxLogLH: -4.981065
MaxLogLH: -4.800559
MaxLogLH: -4.567994
MaxLogLH: -4.336299
MaxLogLH: -4.116776
MaxLogLH: -3.980857
MaxLogLH: -3.160019
MaxLogLH: -2.892538
MaxLogLH: -2.521427
MaxLogLH: -2.362873
MaxLogLH: -2.099429
MaxLogLH: -1.847266
MaxLogLH: -1.537556
MaxLogLH: -1.172687
MaxLogLH: -0.615109
10% completed...18.270000% steps accepted
20% completed...18.140000% steps accepted
MaxLogLH: -0.453544
30% completed...17.933333% steps accepted
40% completed...17.917500% steps accepted
50% completed...17.694000% steps accepted
60% completed...17.468333% steps accepted
MaxLogLH: -0.376012
70% completed...17.361429% steps accepted
80% completed...17.456250% steps accepted
90% completed...17.480000% steps accepted
100% completed...17.395000% steps accepted
Percent Acceptance: 17.395000%...
MaxLLH: -0.376012...
Writing posterior.dat files...
