Removing first row of model data...
Removing first row of exp data...
function: I211_J211.dat
  EigenValues:
     11568.5     835.96    15.2325   0.523617   0.445589   0.356193   0.311593   0.292886   0.207877   0.194221   0.151851   0.122213  0.0979858  0.0713623  0.0607098  0.0356336 0.00875838
----------------

function: I2212_J2212.dat
  EigenValues:
    6810.74   673.141   74.9867   10.8735   5.81153   4.35035   3.83687   2.89315   2.34988   1.71327   1.21292  0.747921  0.619173  0.395665 0.0712061         0         0
----------------

function: I321_J2212.dat
  EigenValues:
    2154.32   327.312   16.3617   2.09631   1.65104   1.15871  0.971557  0.862288  0.587091   0.43459  0.323635  0.198272  0.134519  0.100004 0.0718991         0         0
----------------

function: I321_J321.dat
  EigenValues:
    12722.1   1265.92   52.7462   4.17671   2.73972   1.56343   1.27122  0.936014  0.759085  0.645099  0.474716  0.428384  0.301473  0.167229  0.123936 0.0146846         0
----------------

10 row:  0.130653  0.431896  0.884422  0.748744  0.154451  0.809045  0.256281  0.123214 0.0954774  0.824121  0.166752  0.829146   72.4516   51.4707   3.63896  -36.0639   5.98948 -0.440466   38.2931  -34.9462   4.56589   -60.264  -15.0778  -11.3248
Step width fraction: 0.003333
MaxLogLH: -12540.046244
MaxLogLH: -12467.253597
MaxLogLH: -12331.765031
MaxLogLH: -12291.459402
MaxLogLH: -12064.604409
MaxLogLH: -10807.637085
MaxLogLH: -10627.399750
MaxLogLH: -10312.475785
MaxLogLH: -10277.503440
MaxLogLH: -10062.874962
MaxLogLH: -9727.569684
MaxLogLH: -9046.672166
MaxLogLH: -8812.670105
MaxLogLH: -8754.431680
MaxLogLH: -8677.197020
MaxLogLH: -8357.130774
MaxLogLH: -7952.709121
MaxLogLH: -7689.450787
MaxLogLH: -7310.045132
MaxLogLH: -7128.175927
MaxLogLH: -6920.882711
MaxLogLH: -6520.756710
MaxLogLH: -6359.447461
MaxLogLH: -5628.654580
MaxLogLH: -5485.221407
MaxLogLH: -5140.231391
MaxLogLH: -4969.730882
MaxLogLH: -4852.644332
MaxLogLH: -4707.385460
MaxLogLH: -4669.699083
MaxLogLH: -4522.878101
MaxLogLH: -4344.666714
MaxLogLH: -3976.593770
MaxLogLH: -3849.121774
MaxLogLH: -3833.983072
MaxLogLH: -3686.834057
MaxLogLH: -3564.216793
MaxLogLH: -3490.479176
MaxLogLH: -3359.614984
MaxLogLH: -3308.564635
MaxLogLH: -3296.773101
MaxLogLH: -3210.529901
MaxLogLH: -3205.451324
MaxLogLH: -3147.301502
MaxLogLH: -3081.234891
MaxLogLH: -3028.614731
MaxLogLH: -2981.916878
MaxLogLH: -2972.602282
MaxLogLH: -2903.268130
MaxLogLH: -2836.895739
MaxLogLH: -2832.807657
MaxLogLH: -2821.657683
MaxLogLH: -2798.292019
MaxLogLH: -2746.432800
MaxLogLH: -2737.276178
MaxLogLH: -2693.726145
MaxLogLH: -2686.233281
MaxLogLH: -2686.084885
MaxLogLH: -2675.357149
MaxLogLH: -2630.588984
MaxLogLH: -2564.671616
MaxLogLH: -2537.499954
MaxLogLH: -2511.502136
MaxLogLH: -2502.093699
MaxLogLH: -2465.967164
MaxLogLH: -2462.644638
MaxLogLH: -2416.009257
MaxLogLH: -2397.253624
MaxLogLH: -2387.798696
MaxLogLH: -2361.549147
MaxLogLH: -2297.051105
MaxLogLH: -2285.729538
MaxLogLH: -2257.968583
MaxLogLH: -2233.197940
MaxLogLH: -2216.630324
MaxLogLH: -2194.678994
MaxLogLH: -2185.802652
MaxLogLH: -2145.737990
MaxLogLH: -2129.938751
MaxLogLH: -2075.109302
MaxLogLH: -2057.700516
MaxLogLH: -2034.727984
MaxLogLH: -1989.718999
MaxLogLH: -1980.955526
MaxLogLH: -1975.086518
MaxLogLH: -1948.330350
MaxLogLH: -1948.063886
MaxLogLH: -1918.286285
MaxLogLH: -1910.779522
MaxLogLH: -1897.999242
MaxLogLH: -1868.116664
MaxLogLH: -1856.871684
MaxLogLH: -1806.264929
MaxLogLH: -1782.678008
MaxLogLH: -1779.729473
MaxLogLH: -1766.064897
MaxLogLH: -1765.995477
MaxLogLH: -1764.855490
MaxLogLH: -1737.794728
MaxLogLH: -1720.158363
MaxLogLH: -1712.522529
MaxLogLH: -1705.891130
MaxLogLH: -1695.172404
MaxLogLH: -1692.141010
MaxLogLH: -1676.950146
MaxLogLH: -1671.012618
MaxLogLH: -1631.786492
MaxLogLH: -1625.069178
MaxLogLH: -1624.385597
MaxLogLH: -1620.516690
MaxLogLH: -1603.094122
MaxLogLH: -1589.028254
MaxLogLH: -1580.743100
MaxLogLH: -1563.448246
MaxLogLH: -1553.864532
MaxLogLH: -1551.980467
MaxLogLH: -1548.372513
MaxLogLH: -1528.845934
MaxLogLH: -1524.028624
MaxLogLH: -1488.062583
MaxLogLH: -1474.084727
MaxLogLH: -1452.325571
MaxLogLH: -1445.510123
MaxLogLH: -1442.116654
MaxLogLH: -1439.151212
MaxLogLH: -1434.036637
MaxLogLH: -1426.754244
MaxLogLH: -1423.731863
MaxLogLH: -1413.329524
MaxLogLH: -1405.220353
MaxLogLH: -1403.098996
MaxLogLH: -1394.322899
MaxLogLH: -1383.839896
MaxLogLH: -1375.848396
MaxLogLH: -1372.290015
MaxLogLH: -1362.905580
MaxLogLH: -1359.562389
MaxLogLH: -1358.387584
MaxLogLH: -1344.882020
MaxLogLH: -1337.557005
MaxLogLH: -1331.905465
MaxLogLH: -1330.180338
MaxLogLH: -1328.465577
MaxLogLH: -1325.415143
MaxLogLH: -1308.116346
MaxLogLH: -1304.430917
MaxLogLH: -1296.236041
MaxLogLH: -1295.546586
MaxLogLH: -1277.076711
MaxLogLH: -1264.598048
MaxLogLH: -1263.989760
MaxLogLH: -1262.275643
MaxLogLH: -1252.771721
MaxLogLH: -1248.715177
MaxLogLH: -1227.262783
MaxLogLH: -1224.174432
MaxLogLH: -1222.235993
MaxLogLH: -1220.551938
MaxLogLH: -1207.208167
MaxLogLH: -1202.665888
MaxLogLH: -1200.076661
MaxLogLH: -1190.813472
MaxLogLH: -1177.188179
MaxLogLH: -1176.267731
MaxLogLH: -1174.572894
MaxLogLH: -1169.034475
MaxLogLH: -1168.284978
MaxLogLH: -1160.515346
MaxLogLH: -1159.418507
MaxLogLH: -1147.543549
MaxLogLH: -1141.629849
MaxLogLH: -1129.646354
MaxLogLH: -1126.601696
MaxLogLH: -1125.803216
MaxLogLH: -1124.484890
MaxLogLH: -1115.777067
MaxLogLH: -1112.512094
MaxLogLH: -1107.637609
MaxLogLH: -1104.903779
MaxLogLH: -1104.097797
MaxLogLH: -1098.119665
MaxLogLH: -1095.140115
MaxLogLH: -1089.468181
MaxLogLH: -1088.870354
MaxLogLH: -1085.968356
MaxLogLH: -1083.674684
MaxLogLH: -1081.423905
MaxLogLH: -1076.301242
MaxLogLH: -1059.171695
MaxLogLH: -1047.869305
MaxLogLH: -1042.198310
MaxLogLH: -1042.016271
MaxLogLH: -1038.687149
MaxLogLH: -1036.988220
MaxLogLH: -1029.349284
MaxLogLH: -1020.361302
MaxLogLH: -1013.962221
MaxLogLH: -1012.901615
MaxLogLH: -1011.602474
MaxLogLH: -1008.840839
MaxLogLH: -999.537773
MaxLogLH: -995.684943
MaxLogLH: -990.548822
MaxLogLH: -982.081537
MaxLogLH: -975.592488
MaxLogLH: -969.747819
MaxLogLH: -962.672867
MaxLogLH: -949.382332
MaxLogLH: -945.129524
MaxLogLH: -945.058547
MaxLogLH: -937.086894
MaxLogLH: -935.837572
MaxLogLH: -932.138511
MaxLogLH: -928.322229
MaxLogLH: -910.891345
MaxLogLH: -908.365828
MaxLogLH: -894.357087
MaxLogLH: -893.599169
MaxLogLH: -884.910184
MaxLogLH: -881.933474
MaxLogLH: -877.862331
MaxLogLH: -874.146033
MaxLogLH: -874.118153
MaxLogLH: -872.422576
MaxLogLH: -871.883140
MaxLogLH: -866.223361
MaxLogLH: -863.419502
MaxLogLH: -860.448351
MaxLogLH: -854.073057
MaxLogLH: -844.617241
MaxLogLH: -844.044331
MaxLogLH: -843.636899
MaxLogLH: -838.163532
MaxLogLH: -830.268889
MaxLogLH: -823.291349
MaxLogLH: -818.034595
MaxLogLH: -811.669320
MaxLogLH: -810.545225
MaxLogLH: -808.556104
MaxLogLH: -802.161693
MaxLogLH: -800.603241
MaxLogLH: -790.087458
MaxLogLH: -789.401262
MaxLogLH: -789.167357
MaxLogLH: -786.229145
MaxLogLH: -780.336909
MaxLogLH: -778.938115
MaxLogLH: -774.893515
MaxLogLH: -766.249961
MaxLogLH: -761.211331
MaxLogLH: -755.672873
MaxLogLH: -748.499972
MaxLogLH: -743.031169
MaxLogLH: -740.510043
MaxLogLH: -738.147643
MaxLogLH: -720.318390
MaxLogLH: -715.465073
MaxLogLH: -702.123694
MaxLogLH: -696.576744
MaxLogLH: -688.895382
MaxLogLH: -684.570274
MaxLogLH: -679.921961
MaxLogLH: -674.712680
MaxLogLH: -671.380597
MaxLogLH: -652.191201
MaxLogLH: -642.575506
MaxLogLH: -636.178141
MaxLogLH: -628.103007
MaxLogLH: -610.715374
MaxLogLH: -610.150031
MaxLogLH: -597.613589
MaxLogLH: -587.188756
MaxLogLH: -584.507421
MaxLogLH: -583.002908
MaxLogLH: -580.868752
MaxLogLH: -575.921108
MaxLogLH: -567.496358
MaxLogLH: -566.044871
MaxLogLH: -564.807266
MaxLogLH: -559.999209
MaxLogLH: -545.698779
MaxLogLH: -534.849012
MaxLogLH: -529.987016
MaxLogLH: -528.965329
MaxLogLH: -525.195048
MaxLogLH: -510.769182
MaxLogLH: -507.090792
MaxLogLH: -503.007874
MaxLogLH: -479.397712
MaxLogLH: -478.913592
MaxLogLH: -474.853946
MaxLogLH: -465.974566
MaxLogLH: -460.840160
MaxLogLH: -455.351675
MaxLogLH: -452.801581
MaxLogLH: -438.852914
MaxLogLH: -431.940833
MaxLogLH: -430.069426
MaxLogLH: -424.766869
MaxLogLH: -418.690165
MaxLogLH: -413.989493
MaxLogLH: -413.983340
MaxLogLH: -412.498282
MaxLogLH: -408.220650
MaxLogLH: -404.153843
MaxLogLH: -393.158202
MaxLogLH: -392.598617
MaxLogLH: -389.741553
MaxLogLH: -385.479523
MaxLogLH: -383.873098
MaxLogLH: -380.836002
MaxLogLH: -366.813445
MaxLogLH: -366.577173
MaxLogLH: -363.687451
MaxLogLH: -360.314706
MaxLogLH: -359.402431
MaxLogLH: -358.360025
MaxLogLH: -352.722152
MaxLogLH: -349.383129
MaxLogLH: -349.263306
MaxLogLH: -347.827377
MaxLogLH: -342.040259
MaxLogLH: -339.193207
MaxLogLH: -337.424036
MaxLogLH: -335.532725
MaxLogLH: -331.568473
MaxLogLH: -322.892099
MaxLogLH: -318.187647
MaxLogLH: -317.856653
MaxLogLH: -314.456308
MaxLogLH: -313.798990
MaxLogLH: -305.898675
MaxLogLH: -305.245408
MaxLogLH: -301.675269
MaxLogLH: -297.054211
MaxLogLH: -295.567711
MaxLogLH: -294.551093
MaxLogLH: -289.658158
MaxLogLH: -289.517669
MaxLogLH: -284.953204
MaxLogLH: -282.795185
MaxLogLH: -279.468671
MaxLogLH: -278.859307
MaxLogLH: -277.241262
MaxLogLH: -270.915492
MaxLogLH: -264.245445
MaxLogLH: -260.951251
MaxLogLH: -259.471168
MaxLogLH: -256.426390
MaxLogLH: -255.722008
MaxLogLH: -249.530016
MaxLogLH: -246.182660
MaxLogLH: -241.023902
MaxLogLH: -239.296746
MaxLogLH: -237.819207
MaxLogLH: -236.336561
MaxLogLH: -233.898030
MaxLogLH: -233.271487
MaxLogLH: -232.272540
MaxLogLH: -229.461813
MaxLogLH: -229.241457
MaxLogLH: -225.410603
MaxLogLH: -223.551836
MaxLogLH: -222.400102
MaxLogLH: -219.290928
MaxLogLH: -218.273181
MaxLogLH: -218.272631
MaxLogLH: -211.161571
MaxLogLH: -210.389178
MaxLogLH: -209.148377
MaxLogLH: -207.039705
MaxLogLH: -206.153399
MaxLogLH: -203.046081
MaxLogLH: -201.290663
MaxLogLH: -201.233769
MaxLogLH: -201.186710
MaxLogLH: -200.503697
MaxLogLH: -195.165278
MaxLogLH: -194.133793
MaxLogLH: -193.512603
MaxLogLH: -192.660451
MaxLogLH: -192.216978
MaxLogLH: -191.315481
MaxLogLH: -191.282773
MaxLogLH: -190.895978
MaxLogLH: -188.151146
MaxLogLH: -187.390388
MaxLogLH: -187.382978
MaxLogLH: -185.987646
MaxLogLH: -184.193966
MaxLogLH: -182.941813
MaxLogLH: -182.860846
MaxLogLH: -182.305080
MaxLogLH: -181.441973
MaxLogLH: -180.796414
MaxLogLH: -180.555075
MaxLogLH: -180.103541
MaxLogLH: -179.890559
MaxLogLH: -179.124566
MaxLogLH: -178.506390
MaxLogLH: -178.288000
MaxLogLH: -177.676658
MaxLogLH: -176.999558
MaxLogLH: -176.004854
MaxLogLH: -175.504005
MaxLogLH: -175.143537
MaxLogLH: -174.992057
MaxLogLH: -174.746637
MaxLogLH: -174.437797
MaxLogLH: -174.000028
MaxLogLH: -173.927297
MaxLogLH: -172.316142
MaxLogLH: -171.879878
MaxLogLH: -171.804791
MaxLogLH: -171.780485
MaxLogLH: -171.724619
MaxLogLH: -171.549260
MaxLogLH: -171.535819
MaxLogLH: -171.455272
MaxLogLH: -171.448665
MaxLogLH: -171.370617
MaxLogLH: -171.191605
MaxLogLH: -171.146260
MaxLogLH: -170.682768
MaxLogLH: -170.622591
MaxLogLH: -170.353808
MaxLogLH: -170.337106
10% completed...43.990000% steps accepted
MaxLogLH: -170.328577
MaxLogLH: -170.265229
MaxLogLH: -170.193457
20% completed...43.760000% steps accepted
30% completed...43.966667% steps accepted
MaxLogLH: -170.085163
MaxLogLH: -170.073751
MaxLogLH: -170.021875
40% completed...43.907500% steps accepted
50% completed...43.832000% steps accepted
60% completed...43.961667% steps accepted
70% completed...43.927143% steps accepted
80% completed...43.870000% steps accepted
90% completed...43.801111% steps accepted
100% completed...43.822000% steps accepted
Percent Acceptance: 43.822000%...
MaxLLH: -170.021875...
Writing posterior.dat files...
