Removing first row of model data...
Removing first row of exp data...
function: I211_J211.dat
  EigenValues:
     11568.5     835.96    15.2325   0.523617   0.445589   0.356193   0.311593   0.292886   0.207877   0.194221   0.151851   0.122213  0.0979858  0.0713623  0.0607098  0.0356336 0.00875838
----------------

function: I2212_J2212.dat
  EigenValues:
    6810.74   673.141   74.9867   10.8735   5.81153   4.35035   3.83687   2.89315   2.34988   1.71327   1.21292  0.747921  0.619173  0.395665 0.0712061         0         0
----------------

function: I321_J2212.dat
  EigenValues:
    2154.32   327.312   16.3617   2.09631   1.65104   1.15871  0.971557  0.862288  0.587091   0.43459  0.323635  0.198272  0.134519  0.100004 0.0718991         0         0
----------------

function: I321_J321.dat
  EigenValues:
    12722.1   1265.92   52.7462   4.17671   2.73972   1.56343   1.27122  0.936014  0.759085  0.645099  0.474716  0.428384  0.301473  0.167229  0.123936 0.0146846         0
----------------

5 row:  0.241206   0.24436  0.537688         1 0.0571225   0.38191  0.688442   0.11988  0.552764 0.0653266  0.564587  0.979899   112.557   10.8158  -1.40832  -17.5636   4.42764   9.60964 0.0623087   11.4836  -8.59042  -110.773   54.9586   2.19038
Step width fraction: 0.004000
MaxLogLH: -20044.764006
MaxLogLH: -19774.035393
MaxLogLH: -19589.527533
MaxLogLH: -19377.796141
MaxLogLH: -19323.079055
MaxLogLH: -19081.748584
MaxLogLH: -17752.592722
MaxLogLH: -17725.145397
MaxLogLH: -16803.100797
MaxLogLH: -16685.655214
MaxLogLH: -16081.063538
MaxLogLH: -14883.362456
MaxLogLH: -14493.554365
MaxLogLH: -14445.658587
MaxLogLH: -14392.102984
MaxLogLH: -13902.473173
MaxLogLH: -13870.061535
MaxLogLH: -13449.050828
MaxLogLH: -13317.950088
MaxLogLH: -13139.063970
MaxLogLH: -12565.109148
MaxLogLH: -12326.443245
MaxLogLH: -11815.911613
MaxLogLH: -11699.615634
MaxLogLH: -11515.962302
MaxLogLH: -11058.056141
MaxLogLH: -10685.141332
MaxLogLH: -10523.804124
MaxLogLH: -10390.472651
MaxLogLH: -10241.837340
MaxLogLH: -10128.434986
MaxLogLH: -9718.836545
MaxLogLH: -9451.461902
MaxLogLH: -9399.934942
MaxLogLH: -9362.869863
MaxLogLH: -9210.344017
MaxLogLH: -8881.649815
MaxLogLH: -8770.076545
MaxLogLH: -8470.753107
MaxLogLH: -8352.845846
MaxLogLH: -8276.447819
MaxLogLH: -7955.821500
MaxLogLH: -7846.633035
MaxLogLH: -7546.462040
MaxLogLH: -7040.916708
MaxLogLH: -7040.482878
MaxLogLH: -7017.502798
MaxLogLH: -6613.007110
MaxLogLH: -6470.494679
MaxLogLH: -6395.410152
MaxLogLH: -6281.797975
MaxLogLH: -6225.397046
MaxLogLH: -5936.810695
MaxLogLH: -5819.812673
MaxLogLH: -5774.482823
MaxLogLH: -5374.826786
MaxLogLH: -5232.330879
MaxLogLH: -4983.769116
MaxLogLH: -4932.037710
MaxLogLH: -4778.801465
MaxLogLH: -4673.054721
MaxLogLH: -4451.513096
MaxLogLH: -4308.417858
MaxLogLH: -4184.632399
MaxLogLH: -4118.578265
MaxLogLH: -4103.223357
MaxLogLH: -4049.901739
MaxLogLH: -4018.225806
MaxLogLH: -3955.408744
MaxLogLH: -3952.641039
MaxLogLH: -3837.949310
MaxLogLH: -3783.085326
MaxLogLH: -3656.160088
MaxLogLH: -3583.599724
MaxLogLH: -3510.093181
MaxLogLH: -3354.240038
MaxLogLH: -3318.486150
MaxLogLH: -3220.460188
MaxLogLH: -3143.460127
MaxLogLH: -3104.192154
MaxLogLH: -3051.887719
MaxLogLH: -3041.722798
MaxLogLH: -2995.954003
MaxLogLH: -2974.881635
MaxLogLH: -2963.198046
MaxLogLH: -2938.311948
MaxLogLH: -2932.344101
MaxLogLH: -2908.803237
MaxLogLH: -2889.008632
MaxLogLH: -2883.315463
MaxLogLH: -2867.294903
MaxLogLH: -2796.981390
MaxLogLH: -2742.549456
MaxLogLH: -2660.767748
MaxLogLH: -2638.293865
MaxLogLH: -2538.209578
MaxLogLH: -2509.188163
MaxLogLH: -2417.317006
MaxLogLH: -2375.318912
MaxLogLH: -2309.526329
MaxLogLH: -2306.736490
MaxLogLH: -2302.944823
MaxLogLH: -2216.788491
MaxLogLH: -2197.035773
MaxLogLH: -2164.532310
MaxLogLH: -2066.999541
MaxLogLH: -2037.089140
MaxLogLH: -2002.784012
MaxLogLH: -1954.175438
MaxLogLH: -1881.959240
MaxLogLH: -1878.561206
MaxLogLH: -1841.161494
MaxLogLH: -1781.035758
MaxLogLH: -1689.117886
MaxLogLH: -1657.744689
MaxLogLH: -1545.483414
MaxLogLH: -1529.974384
MaxLogLH: -1510.465921
MaxLogLH: -1474.609610
MaxLogLH: -1463.844334
MaxLogLH: -1443.230632
MaxLogLH: -1381.667159
MaxLogLH: -1314.632164
MaxLogLH: -1308.416592
MaxLogLH: -1306.377528
MaxLogLH: -1286.907100
MaxLogLH: -1273.930966
MaxLogLH: -1246.418697
MaxLogLH: -1236.308700
MaxLogLH: -1223.651409
MaxLogLH: -1194.391372
MaxLogLH: -1162.841221
MaxLogLH: -1122.918421
MaxLogLH: -1120.722310
MaxLogLH: -1092.850907
MaxLogLH: -1083.743675
MaxLogLH: -1080.594385
MaxLogLH: -1044.824627
MaxLogLH: -1040.441712
MaxLogLH: -994.251485
MaxLogLH: -949.888973
MaxLogLH: -925.063983
MaxLogLH: -887.136406
MaxLogLH: -877.073173
MaxLogLH: -843.905442
MaxLogLH: -821.293645
MaxLogLH: -813.028910
MaxLogLH: -802.654203
MaxLogLH: -800.766152
MaxLogLH: -793.930976
MaxLogLH: -743.803440
MaxLogLH: -739.877905
MaxLogLH: -713.651395
MaxLogLH: -710.758175
MaxLogLH: -692.942149
MaxLogLH: -645.995171
MaxLogLH: -634.920989
MaxLogLH: -622.460270
MaxLogLH: -598.646396
MaxLogLH: -593.699333
MaxLogLH: -585.691391
MaxLogLH: -567.638072
MaxLogLH: -562.628548
MaxLogLH: -548.627430
MaxLogLH: -540.371812
MaxLogLH: -507.053914
MaxLogLH: -496.325413
MaxLogLH: -491.970245
MaxLogLH: -481.688191
MaxLogLH: -474.966320
MaxLogLH: -466.712957
MaxLogLH: -409.411426
MaxLogLH: -393.914727
MaxLogLH: -382.796667
MaxLogLH: -374.042762
MaxLogLH: -373.252139
MaxLogLH: -358.272263
MaxLogLH: -354.726795
MaxLogLH: -349.486061
MaxLogLH: -333.960082
MaxLogLH: -325.786863
MaxLogLH: -319.774817
MaxLogLH: -319.192403
MaxLogLH: -309.403709
MaxLogLH: -299.949999
MaxLogLH: -265.823873
MaxLogLH: -246.857643
MaxLogLH: -235.680611
MaxLogLH: -230.687603
MaxLogLH: -216.714984
MaxLogLH: -206.334570
MaxLogLH: -198.817109
MaxLogLH: -198.356541
MaxLogLH: -186.738632
MaxLogLH: -186.603978
MaxLogLH: -180.237503
MaxLogLH: -173.746344
MaxLogLH: -172.094828
MaxLogLH: -149.846906
MaxLogLH: -146.675148
MaxLogLH: -142.273530
MaxLogLH: -140.698652
MaxLogLH: -134.566594
MaxLogLH: -133.012659
MaxLogLH: -119.267739
MaxLogLH: -114.288298
MaxLogLH: -111.362529
MaxLogLH: -106.280459
MaxLogLH: -105.769948
MaxLogLH: -102.256660
MaxLogLH: -99.077794
MaxLogLH: -95.590324
MaxLogLH: -92.610820
MaxLogLH: -90.982280
MaxLogLH: -87.743714
MaxLogLH: -82.501200
MaxLogLH: -82.339699
MaxLogLH: -81.872454
MaxLogLH: -75.798919
MaxLogLH: -71.311997
MaxLogLH: -64.172800
MaxLogLH: -64.033925
MaxLogLH: -60.009004
MaxLogLH: -59.412165
MaxLogLH: -56.863582
MaxLogLH: -51.653768
MaxLogLH: -50.031306
MaxLogLH: -46.671157
MaxLogLH: -44.394526
MaxLogLH: -43.839834
MaxLogLH: -42.972888
MaxLogLH: -41.970375
MaxLogLH: -41.760755
MaxLogLH: -41.438080
MaxLogLH: -40.982998
MaxLogLH: -39.584034
MaxLogLH: -37.603563
MaxLogLH: -37.549485
MaxLogLH: -37.269274
MaxLogLH: -35.310455
MaxLogLH: -33.698371
MaxLogLH: -33.669588
MaxLogLH: -31.936589
MaxLogLH: -31.336033
MaxLogLH: -31.054526
MaxLogLH: -30.934017
MaxLogLH: -30.134688
MaxLogLH: -29.942778
MaxLogLH: -29.167199
MaxLogLH: -27.295883
MaxLogLH: -26.950209
MaxLogLH: -25.379601
MaxLogLH: -24.858014
MaxLogLH: -24.098796
MaxLogLH: -23.290894
MaxLogLH: -22.615338
MaxLogLH: -21.379139
MaxLogLH: -21.314168
MaxLogLH: -20.531029
MaxLogLH: -19.411263
MaxLogLH: -18.820936
MaxLogLH: -18.627212
MaxLogLH: -17.387395
MaxLogLH: -17.058874
MaxLogLH: -15.867989
MaxLogLH: -15.750287
MaxLogLH: -14.728377
MaxLogLH: -14.698252
MaxLogLH: -14.037087
MaxLogLH: -13.414951
MaxLogLH: -13.223380
MaxLogLH: -12.864833
MaxLogLH: -12.424620
MaxLogLH: -12.317632
MaxLogLH: -12.260875
MaxLogLH: -10.988665
MaxLogLH: -10.544601
MaxLogLH: -10.101357
MaxLogLH: -9.599919
MaxLogLH: -9.208203
MaxLogLH: -9.120924
MaxLogLH: -8.897300
MaxLogLH: -8.354717
MaxLogLH: -7.895394
MaxLogLH: -7.755875
MaxLogLH: -7.275956
MaxLogLH: -6.863040
MaxLogLH: -6.570503
MaxLogLH: -6.264491
MaxLogLH: -6.147139
MaxLogLH: -6.138933
MaxLogLH: -5.966624
MaxLogLH: -5.339082
MaxLogLH: -4.635383
MaxLogLH: -3.799899
MaxLogLH: -3.761184
MaxLogLH: -2.991966
MaxLogLH: -2.926848
MaxLogLH: -2.464109
MaxLogLH: -2.384393
MaxLogLH: -1.926527
MaxLogLH: -1.779881
MaxLogLH: -1.467918
MaxLogLH: -1.436146
MaxLogLH: -1.315202
MaxLogLH: -0.634214
MaxLogLH: -0.531134
MaxLogLH: -0.443544
MaxLogLH: -0.366596
MaxLogLH: -0.315606
10% completed...46.940000% steps accepted
MaxLogLH: -0.258887
MaxLogLH: -0.246233
20% completed...48.205000% steps accepted
MaxLogLH: -0.218960
30% completed...48.033333% steps accepted
MaxLogLH: -0.106303
40% completed...48.040000% steps accepted
50% completed...48.198000% steps accepted
60% completed...48.008333% steps accepted
70% completed...47.845714% steps accepted
80% completed...47.540000% steps accepted
90% completed...47.566667% steps accepted
100% completed...47.420000% steps accepted
Percent Acceptance: 47.420000%...
MaxLLH: -0.106303...
Writing posterior.dat files...
