0.0125 0.108902 0.00970179
0.0375 0.350043 0.0173938
0.0625 0.564391 0.0220863
0.0875 0.727744 0.0250797
0.1125 0.957649 0.0287698
0.1375 1.16162 0.0316859
0.1625 1.21003 0.0323393
0.1875 1.32671 0.0338626
0.2125 1.43561 0.035225
0.2375 1.53155 0.036383
0.2625 1.51513 0.0361874
0.2875 1.49006 0.0358868
0.3125 1.52982 0.0363625
0.3375 1.51599 0.0361977
0.3625 1.48228 0.035793
0.3875 1.48142 0.0357826
0.4125 1.37079 0.0344206
0.4375 1.37252 0.0344423
0.4625 1.27139 0.0331492
0.4875 1.2057 0.0322815
0.5125 1.20484 0.0322699
0.5375 1.13397 0.0313064
0.5625 1.00259 0.0294371
0.5875 0.984443 0.0291695
0.6125 0.920484 0.028206
0.6375 0.850475 0.0271122
0.6625 0.778738 0.0259435
0.6875 0.729473 0.0251095
0.7125 0.738116 0.0252578
0.7375 0.661193 0.0239055
0.7625 0.592048 0.022621
0.7875 0.521175 0.0212239
0.8125 0.535004 0.0215036
0.8375 0.464996 0.0200474
0.8625 0.410545 0.0188371
0.8875 0.39153 0.0183957
0.9125 0.356958 0.0175647
0.9375 0.358686 0.0176072
0.9625 0.305099 0.0162388
0.9875 0.305964 0.0162618
1.0125 0.242005 0.0144626
1.0375 0.242005 0.0144626
1.0625 0.205704 0.0133338
1.0875 0.203976 0.0132777
1.1125 0.177182 0.012375
1.1375 0.171997 0.0121925
1.1625 0.146067 0.011236
1.1875 0.163354 0.0118822
1.2125 0.140882 0.0110347
1.2375 0.149525 0.0113681
1.2625 0.107174 0.00962448
1.2875 0.099395 0.00926863
1.3125 0.108038 0.00966322
1.3375 0.0942092 0.0090236
1.3625 0.0872947 0.00868615
1.3875 0.079516 0.00829011
1.4125 0.0630942 0.00738462
1.4375 0.0691443 0.00773057
1.4625 0.0630942 0.00738462
1.4875 0.0449438 0.00623259
1.5125 0.0380294 0.00573315
1.5375 0.0440795 0.00617237
1.5625 0.0501296 0.00658234
1.5875 0.0302506 0.00511329
1.6125 0.0371651 0.00566762
1.6375 0.0276577 0.00488924
1.6625 0.0302506 0.00511329
1.6875 0.0276577 0.00488924
1.7125 0.031115 0.00518583
1.7375 0.019879 0.00414506
1.7625 0.0190147 0.00405395
1.7875 0.0233362 0.00449106
1.8125 0.0121003 0.00323393
1.8375 0.0233362 0.00449106
1.8625 0.0146932 0.00356362
1.8875 0.0146932 0.00356362
1.9125 0.0121003 0.00323393
1.9375 0.00777874 0.00259291
1.9625 0.00864304 0.00273317
1.9875 0.0138289 0.00345722
#avg=0.484799
