0.0125 0.391702 0.0108265
0.0375 1.12124 0.0183172
0.0625 1.70147 0.0225642
0.0875 2.12788 0.0252337
0.1125 2.37385 0.0266523
0.1375 2.48367 0.0272619
0.1625 2.52198 0.0274713
0.1875 2.48457 0.0272668
0.2125 2.34782 0.0265058
0.2375 2.15002 0.0253647
0.2625 2.05157 0.0247772
0.2875 1.82565 0.0233731
0.3125 1.71493 0.0226533
0.3375 1.52492 0.0213615
0.3625 1.40103 0.0204754
0.3875 1.26189 0.019432
0.4125 1.07576 0.0179418
0.4375 0.988681 0.0172003
0.4625 0.885145 0.0162748
0.4875 0.794476 0.0154187
0.5125 0.702909 0.014503
0.5375 0.631691 0.0137487
0.5625 0.567355 0.0130297
0.5875 0.49853 0.0122139
0.6125 0.458133 0.0117086
0.6375 0.397986 0.0109129
0.6625 0.342926 0.01013
0.6875 0.323177 0.00983395
0.7125 0.280386 0.0091598
0.7375 0.256447 0.00876005
0.7625 0.216349 0.0080461
0.7875 0.209167 0.00791143
0.8125 0.180141 0.007342
0.8375 0.156801 0.00684986
0.8625 0.155005 0.00681053
0.8875 0.140342 0.00648041
0.9125 0.119695 0.00598475
0.9375 0.107426 0.00566974
0.9625 0.0978507 0.00541116
0.9875 0.0924644 0.00526012
1.0125 0.0849835 0.00504284
1.0375 0.0664308 0.00445854
1.0625 0.0652338 0.00441819
1.0875 0.0670292 0.00447858
1.1125 0.0526658 0.00396984
1.1375 0.0535635 0.00400353
1.1625 0.0436887 0.0036157
1.1875 0.0389009 0.00341183
1.2125 0.03142 0.00306627
1.2375 0.0326169 0.00312413
1.2625 0.0329161 0.00313843
1.2875 0.0281283 0.00290122
1.3125 0.0278291 0.00288574
1.3375 0.0230413 0.0026258
1.3625 0.0170565 0.0022592
1.3875 0.0191512 0.0023939
1.4125 0.0164581 0.00221921
1.4375 0.0149619 0.00211593
1.4625 0.0131665 0.00198492
1.4875 0.00688247 0.00143509
1.5125 0.00987484 0.00171899
1.5375 0.0110718 0.00182019
1.5625 0.00837866 0.00158342
1.5875 0.00568552 0.00130435
1.6125 0.0071817 0.00146596
1.6375 0.0071817 0.00146596
1.6625 0.00598475 0.00133823
1.6875 0.00508704 0.00123379
1.7125 0.00598475 0.00133823
1.7375 0.00568552 0.00130435
1.7625 0.00538628 0.00126956
1.7875 0.00329161 0.000992459
1.8125 0.00508704 0.00123379
1.8375 0.00359085 0.00103659
1.8625 0.00179543 0.00073298
1.8875 0.00329161 0.000992459
1.9125 0.00269314 0.000897713
1.9375 0.00179543 0.00073298
1.9625 0.00149619 0.000669116
1.9875 0.000299238 0.000299238
#avg=0.302321
